<?xml version="1.0" encoding="UTF-8"?>
<!-- Generated by org.testng.reporters.JUnitXMLReporter -->
<testsuite ignored="10" hostname="LP-5CG0435R7M" failures="0" tests="6" name="SCEONE" time="24.064" errors="0" timestamp="2023-06-23T10:47:19 IST">
  <testcase classname="gpsImport.gpsFileCreationToImportCombined" name="UrlDetails" time="0.031"/>
  <testcase classname="gpsImport.gpsFileCreationToImportCombined" name="getaccesstest" time="10.132"/>
  <testcase classname="gpsImport.gpsFileCreationToImportCombined" name="alconIntrospect" time="2.099"/>
  <testcase classname="gpsImport.gpsFileCreationToImportCombined" name="DecodeGPSFile" time="0.149"/>
  <testcase classname="gpsImport.gpsFileCreationToImportCombined" name="fileEditEncode" time="0.165"/>
  <testcase classname="gpsImport.gpsFileCreationToImportCombined" name="gpsDecodeFn" time="11.248"/>
  <testcase classname="gpsImport.gpsFileCreationToImportCombined" name="getKeys" time="0.0">
    <ignored/>
  </testcase> <!-- getKeys -->
  <testcase classname="gpsImport.gpsFileCreationToImportCombined" name="getAccess" time="0.0">
    <ignored/>
  </testcase> <!-- getAccess -->
  <testcase classname="gpsImport.gpsFileCreationToImportCombined" name="getaccess" time="0.0">
    <ignored/>
  </testcase> <!-- getaccess -->
  <testcase classname="gpsImport.gpsFileCreationToImportCombined" name="gpsEncodeCheck" time="0.0">
    <ignored/>
  </testcase> <!-- gpsEncodeCheck -->
  <testcase classname="gpsImport.gpsFileCreationToImportCombined" name="cmdPromptFnTwo" time="0.0">
    <ignored/>
  </testcase> <!-- cmdPromptFnTwo -->
  <testcase classname="gpsImport.gpsFileCreationToImportCombined" name="fileEdit" time="0.0">
    <ignored/>
  </testcase> <!-- fileEdit -->
  <testcase classname="gpsImport.gpsFileCreationToImportCombined" name="cmdPromptFn" time="0.0">
    <ignored/>
  </testcase> <!-- cmdPromptFn -->
  <testcase classname="gpsImport.gpsFileCreationToImportCombined" name="gpsFileImportWithoutPatientId" time="0.0">
    <ignored/>
  </testcase> <!-- gpsFileImportWithoutPatientId -->
  <testcase classname="gpsImport.gpsFileCreationToImportCombined" name="createGpsFile" time="0.0">
    <ignored/>
  </testcase> <!-- createGpsFile -->
  <testcase classname="gpsImport.gpsFileCreationToImportCombined" name="gpsFileImportWithPatientId" time="0.0">
    <ignored/>
  </testcase> <!-- gpsFileImportWithPatientId -->
</testsuite> <!-- SCEONE -->
