<?xml version="1.0" encoding="UTF-8"?>
<!-- Generated by org.testng.reporters.JUnitXMLReporter -->
<testsuite ignored="8" hostname="LP-5CG0435R7M" failures="0" tests="8" name="SCETWO" time="90.207" errors="0" timestamp="2023-06-23T10:48:49 IST">
  <testcase classname="gpsImport.gpsFileCreationToImportCombined" name="UrlDetails" time="0.002"/>
  <testcase classname="gpsImport.gpsFileCreationToImportCombined" name="getaccesstest" time="2.358"/>
  <testcase classname="gpsImport.gpsFileCreationToImportCombined" name="alconIntrospect" time="1.936"/>
  <testcase classname="gpsImport.gpsFileCreationToImportCombined" name="getAccess" time="4.183"/>
  <testcase classname="gpsImport.gpsFileCreationToImportCombined" name="getKeys" time="0.708"/>
  <testcase classname="gpsImport.gpsFileCreationToImportCombined" name="fileEdit" time="0.018"/>
  <testcase classname="gpsImport.gpsFileCreationToImportCombined" name="cmdPromptFn" time="42.898"/>
  <testcase classname="gpsImport.gpsFileCreationToImportCombined" name="gpsFileImportWithPatientId" time="38.056"/>
  <testcase classname="gpsImport.gpsFileCreationToImportCombined" name="cmdPromptFnTwo" time="0.0">
    <ignored/>
  </testcase> <!-- cmdPromptFnTwo -->
  <testcase classname="gpsImport.gpsFileCreationToImportCombined" name="createGpsFile" time="0.0">
    <ignored/>
  </testcase> <!-- createGpsFile -->
  <testcase classname="gpsImport.gpsFileCreationToImportCombined" name="fileEditEncode" time="0.0">
    <ignored/>
  </testcase> <!-- fileEditEncode -->
  <testcase classname="gpsImport.gpsFileCreationToImportCombined" name="DecodeGPSFile" time="0.0">
    <ignored/>
  </testcase> <!-- DecodeGPSFile -->
  <testcase classname="gpsImport.gpsFileCreationToImportCombined" name="getaccess" time="0.0">
    <ignored/>
  </testcase> <!-- getaccess -->
  <testcase classname="gpsImport.gpsFileCreationToImportCombined" name="gpsDecodeFn" time="0.0">
    <ignored/>
  </testcase> <!-- gpsDecodeFn -->
  <testcase classname="gpsImport.gpsFileCreationToImportCombined" name="gpsFileImportWithoutPatientId" time="0.0">
    <ignored/>
  </testcase> <!-- gpsFileImportWithoutPatientId -->
  <testcase classname="gpsImport.gpsFileCreationToImportCombined" name="gpsEncodeCheck" time="0.0">
    <ignored/>
  </testcase> <!-- gpsEncodeCheck -->
</testsuite> <!-- SCETWO -->
