<?xml version="1.0" encoding="UTF-8"?>
<!-- Generated by org.testng.reporters.JUnitXMLReporter -->
<testsuite ignored="8" hostname="PriyadharshiniM" failures="0" tests="8" name="Test" time="87.28" errors="0" timestamp="2024-02-08T19:27:45 IST">
  <testcase classname="gpsImport.gpsFileCreationToImportCombined" name="UrlDetails" time="0.018"/>
  <testcase classname="gpsImport.gpsFileCreationToImportCombined" name="getaccesstest" time="6.28"/>
  <testcase classname="gpsImport.gpsFileCreationToImportCombined" name="alconIntrospect" time="1.93"/>
  <testcase classname="gpsImport.gpsFileCreationToImportCombined" name="getAccess" time="1.902"/>
  <testcase classname="gpsImport.gpsFileCreationToImportCombined" name="getKeys" time="0.339"/>
  <testcase classname="gpsImport.gpsFileCreationToImportCombined" name="fileEdit" time="0.005"/>
  <testcase classname="gpsImport.gpsFileCreationToImportCombined" name="cmdPromptFn" time="38.299"/>
  <testcase classname="gpsImport.gpsFileCreationToImportCombined" name="gpsFileImportWithoutPatientId" time="38.367"/>
  <testcase classname="gpsImport.gpsFileCreationToImportCombined" name="gpsDecodeFn" time="0.0">
    <ignored/>
  </testcase> <!-- gpsDecodeFn -->
  <testcase classname="gpsImport.gpsFileCreationToImportCombined" name="gpsEncodeCheck" time="0.0">
    <ignored/>
  </testcase> <!-- gpsEncodeCheck -->
  <testcase classname="gpsImport.gpsFileCreationToImportCombined" name="createGpsFile" time="0.0">
    <ignored/>
  </testcase> <!-- createGpsFile -->
  <testcase classname="gpsImport.gpsFileCreationToImportCombined" name="gpsFileImportWithPatientId" time="0.0">
    <ignored/>
  </testcase> <!-- gpsFileImportWithPatientId -->
  <testcase classname="gpsImport.gpsFileCreationToImportCombined" name="cmdPromptFnTwo" time="0.0">
    <ignored/>
  </testcase> <!-- cmdPromptFnTwo -->
  <testcase classname="gpsImport.gpsFileCreationToImportCombined" name="fileEditEncode" time="0.0">
    <ignored/>
  </testcase> <!-- fileEditEncode -->
  <testcase classname="gpsImport.gpsFileCreationToImportCombined" name="DecodeGPSFile" time="0.0">
    <ignored/>
  </testcase> <!-- DecodeGPSFile -->
  <testcase classname="gpsImport.gpsFileCreationToImportCombined" name="getaccess" time="0.0">
    <ignored/>
  </testcase> <!-- getaccess -->
</testsuite> <!-- Test -->
