<?xml version="1.0" encoding="UTF-8"?>
<!-- Generated by org.testng.reporters.JUnitXMLReporter -->
<testsuite ignored="4" hostname="LP-5CG0435R7M" failures="0" tests="4" name="TestThree" time="7.201" errors="0" timestamp="2023-07-17T13:59:26 IST">
  <testcase classname="patientCreation.PatientCreation" name="UrlDetails" time="0.002"/>
  <testcase classname="patientCreation.PatientCreation" name="getaccess" time="2.177"/>
  <testcase classname="patientCreation.PatientCreation" name="alconIntrospect" time="2.027"/>
  <testcase classname="patientCreation.PatientCreation" name="emrPatientCreation" time="2.977"/>
  <testcase classname="patientCreation.PatientCreation" name="dicomPatientCreation" time="0.0">
    <ignored/>
  </testcase> <!-- dicomPatientCreation -->
  <testcase classname="patientCreation.PatientCreation" name="oraPatientCreation" time="0.0">
    <ignored/>
  </testcase> <!-- oraPatientCreation -->
  <testcase classname="patientCreation.PatientCreation" name="crsPatientCreation" time="0.0">
    <ignored/>
  </testcase> <!-- crsPatientCreation -->
  <testcase classname="patientCreation.PatientCreation" name="lenstarPatientCreation" time="0.0">
    <ignored/>
  </testcase> <!-- lenstarPatientCreation -->
</testsuite> <!-- TestThree -->
