<?xml version="1.0" encoding="UTF-8"?>
<!-- Generated by org.testng.reporters.JUnitXMLReporter -->
<testsuite ignored="4" hostname="LP-5CG0435R7M" failures="0" tests="4" name="TestFive" time="7.436" errors="0" timestamp="2023-07-17T13:59:42 IST">
  <testcase classname="patientCreation.PatientCreation" name="UrlDetails" time="0.002"/>
  <testcase classname="patientCreation.PatientCreation" name="getaccess" time="2.387"/>
  <testcase classname="patientCreation.PatientCreation" name="alconIntrospect" time="1.956"/>
  <testcase classname="patientCreation.PatientCreation" name="crsPatientCreation" time="3.079"/>
  <testcase classname="patientCreation.PatientCreation" name="lenstarPatientCreation" time="0.0">
    <ignored/>
  </testcase> <!-- lenstarPatientCreation -->
  <testcase classname="patientCreation.PatientCreation" name="oraPatientCreation" time="0.0">
    <ignored/>
  </testcase> <!-- oraPatientCreation -->
  <testcase classname="patientCreation.PatientCreation" name="dicomPatientCreation" time="0.0">
    <ignored/>
  </testcase> <!-- dicomPatientCreation -->
  <testcase classname="patientCreation.PatientCreation" name="emrPatientCreation" time="0.0">
    <ignored/>
  </testcase> <!-- emrPatientCreation -->
</testsuite> <!-- TestFive -->
