<?xml version="1.0" encoding="UTF-8"?>
<!-- Generated by org.testng.reporters.JUnitXMLReporter -->
<testsuite ignored="8" hostname="PriyadharshiniM" failures="0" tests="8" name="TestTwo" time="61.144" errors="0" timestamp="2024-02-08T20:49:48 IST">
  <testcase classname="gpsImport.gpsFileCreationToImportCombined" name="UrlDetails" time="0.001"/>
  <testcase classname="gpsImport.gpsFileCreationToImportCombined" name="getaccesstest" time="1.837"/>
  <testcase classname="gpsImport.gpsFileCreationToImportCombined" name="alconIntrospect" time="1.481"/>
  <testcase classname="gpsImport.gpsFileCreationToImportCombined" name="getAccess" time="1.614"/>
  <testcase classname="gpsImport.gpsFileCreationToImportCombined" name="getKeys" time="0.258"/>
  <testcase classname="gpsImport.gpsFileCreationToImportCombined" name="fileEdit" time="0.0"/>
  <testcase classname="gpsImport.gpsFileCreationToImportCombined" name="cmdPromptFn" time="20.151"/>
  <testcase classname="gpsImport.gpsFileCreationToImportCombined" name="gpsFileImportWithoutPatientId" time="35.775"/>
  <testcase classname="gpsImport.gpsFileCreationToImportCombined" name="gpsDecodeFn" time="0.0">
    <ignored/>
  </testcase> <!-- gpsDecodeFn -->
  <testcase classname="gpsImport.gpsFileCreationToImportCombined" name="cmdPromptFnTwo" time="0.0">
    <ignored/>
  </testcase> <!-- cmdPromptFnTwo -->
  <testcase classname="gpsImport.gpsFileCreationToImportCombined" name="gpsEncodeCheck" time="0.0">
    <ignored/>
  </testcase> <!-- gpsEncodeCheck -->
  <testcase classname="gpsImport.gpsFileCreationToImportCombined" name="gpsFileImportWithPatientId" time="0.0">
    <ignored/>
  </testcase> <!-- gpsFileImportWithPatientId -->
  <testcase classname="gpsImport.gpsFileCreationToImportCombined" name="getaccess" time="0.0">
    <ignored/>
  </testcase> <!-- getaccess -->
  <testcase classname="gpsImport.gpsFileCreationToImportCombined" name="DecodeGPSFile" time="0.0">
    <ignored/>
  </testcase> <!-- DecodeGPSFile -->
  <testcase classname="gpsImport.gpsFileCreationToImportCombined" name="fileEditEncode" time="0.0">
    <ignored/>
  </testcase> <!-- fileEditEncode -->
  <testcase classname="gpsImport.gpsFileCreationToImportCombined" name="createGpsFile" time="0.0">
    <ignored/>
  </testcase> <!-- createGpsFile -->
</testsuite> <!-- TestTwo -->
