<?xml version="1.0" encoding="UTF-8"?>
<!-- Generated by org.testng.reporters.JUnitXMLReporter -->
<testsuite ignored="11" hostname="PriyadharshiniM" failures="0" tests="5" name="TestOne" time="17.36" errors="0" timestamp="2024-02-08T20:48:47 IST">
  <testcase classname="gpsImport.gpsFileCreationToImportCombined" name="UrlDetails" time="0.008"/>
  <testcase classname="gpsImport.gpsFileCreationToImportCombined" name="getaccesstest" time="3.735"/>
  <testcase classname="gpsImport.gpsFileCreationToImportCombined" name="alconIntrospect" time="1.571"/>
  <testcase classname="gpsImport.gpsFileCreationToImportCombined" name="gpsEncodeCheck" time="11.924"/>
  <testcase classname="gpsImport.gpsFileCreationToImportCombined" name="createGpsFile" time="0.065"/>
  <testcase classname="gpsImport.gpsFileCreationToImportCombined" name="gpsDecodeFn" time="0.0">
    <ignored/>
  </testcase> <!-- gpsDecodeFn -->
  <testcase classname="gpsImport.gpsFileCreationToImportCombined" name="gpsFileImportWithPatientId" time="0.0">
    <ignored/>
  </testcase> <!-- gpsFileImportWithPatientId -->
  <testcase classname="gpsImport.gpsFileCreationToImportCombined" name="cmdPromptFn" time="0.0">
    <ignored/>
  </testcase> <!-- cmdPromptFn -->
  <testcase classname="gpsImport.gpsFileCreationToImportCombined" name="gpsFileImportWithoutPatientId" time="0.0">
    <ignored/>
  </testcase> <!-- gpsFileImportWithoutPatientId -->
  <testcase classname="gpsImport.gpsFileCreationToImportCombined" name="getAccess" time="0.0">
    <ignored/>
  </testcase> <!-- getAccess -->
  <testcase classname="gpsImport.gpsFileCreationToImportCombined" name="getKeys" time="0.0">
    <ignored/>
  </testcase> <!-- getKeys -->
  <testcase classname="gpsImport.gpsFileCreationToImportCombined" name="cmdPromptFnTwo" time="0.0">
    <ignored/>
  </testcase> <!-- cmdPromptFnTwo -->
  <testcase classname="gpsImport.gpsFileCreationToImportCombined" name="fileEditEncode" time="0.0">
    <ignored/>
  </testcase> <!-- fileEditEncode -->
  <testcase classname="gpsImport.gpsFileCreationToImportCombined" name="fileEdit" time="0.0">
    <ignored/>
  </testcase> <!-- fileEdit -->
  <testcase classname="gpsImport.gpsFileCreationToImportCombined" name="DecodeGPSFile" time="0.0">
    <ignored/>
  </testcase> <!-- DecodeGPSFile -->
  <testcase classname="gpsImport.gpsFileCreationToImportCombined" name="getaccess" time="0.0">
    <ignored/>
  </testcase> <!-- getaccess -->
</testsuite> <!-- TestOne -->
