<?xml version="1.0" encoding="UTF-8"?>
<!-- Generated by org.testng.reporters.JUnitXMLReporter -->
<testsuite ignored="1" hostname="LP-5CG0435R7M" failures="0" tests="6" name="Test1" time="28.455" errors="0" timestamp="2023-07-20T15:25:32 IST">
  <testcase classname="orderMeasurements.orderMeasurements" name="UrlDetails" time="0.012"/>
  <testcase classname="orderMeasurements.orderMeasurements" name="getaccesstest" time="6.262"/>
  <testcase classname="orderMeasurements.orderMeasurements" name="alconIntrospect" time="2.123"/>
  <testcase classname="orderMeasurements.orderMeasurements" name="fhirOrderMeasApi" time="3.634"/>
  <testcase classname="orderMeasurements.orderMeasurements" name="gpsEncodeCheck" time="16.167"/>
  <testcase classname="orderMeasurements.orderMeasurements" name="createGpsFile" time="0.103"/>
  <testcase classname="orderMeasurements.orderMeasurements" name="getaccess" time="0.0">
    <ignored/>
  </testcase> <!-- getaccess -->
</testsuite> <!-- Test1 -->
