<?xml version="1.0" encoding="UTF-8"?>
<!-- Generated by org.testng.reporters.JUnitXMLReporter -->
<testsuite ignored="4" hostname="LP-5CG0435R7M" failures="0" tests="4" name="TestFour" time="7.995" errors="0" timestamp="2023-07-17T13:59:34 IST">
  <testcase classname="patientCreation.PatientCreation" name="UrlDetails" time="0.002"/>
  <testcase classname="patientCreation.PatientCreation" name="getaccess" time="2.801"/>
  <testcase classname="patientCreation.PatientCreation" name="alconIntrospect" time="2.136"/>
  <testcase classname="patientCreation.PatientCreation" name="oraPatientCreation" time="3.009"/>
  <testcase classname="patientCreation.PatientCreation" name="dicomPatientCreation" time="0.0">
    <ignored/>
  </testcase> <!-- dicomPatientCreation -->
  <testcase classname="patientCreation.PatientCreation" name="lenstarPatientCreation" time="0.0">
    <ignored/>
  </testcase> <!-- lenstarPatientCreation -->
  <testcase classname="patientCreation.PatientCreation" name="crsPatientCreation" time="0.0">
    <ignored/>
  </testcase> <!-- crsPatientCreation -->
  <testcase classname="patientCreation.PatientCreation" name="emrPatientCreation" time="0.0">
    <ignored/>
  </testcase> <!-- emrPatientCreation -->
</testsuite> <!-- TestFour -->
