<?xml version="1.0" encoding="UTF-8"?>
<testng-results ignored="19" total="32" passed="13" failed="0" skipped="0">
  <reporter-output>
  </reporter-output>
  <suite started-at="2024-02-08T20:48:30 IST" name="Suite" finished-at="2024-02-08T20:49:48 IST" duration-ms="78581">
    <groups>
      <group name="encode">
        <method signature="gpsFileCreationToImportCombined.UrlDetails(java.lang.String)[pri:1, instance:gpsImport.gpsFileCreationToImportCombined@25fb8912]" name="UrlDetails" class="gpsImport.gpsFileCreationToImportCombined"/>
        <method signature="gpsFileCreationToImportCombined.getaccesstest(java.lang.String,java.lang.String)[pri:2, instance:gpsImport.gpsFileCreationToImportCombined@25fb8912]" name="getaccesstest" class="gpsImport.gpsFileCreationToImportCombined"/>
        <method signature="gpsFileCreationToImportCombined.gpsEncodeCheck()[pri:4, instance:gpsImport.gpsFileCreationToImportCombined@25fb8912]" name="gpsEncodeCheck" class="gpsImport.gpsFileCreationToImportCombined"/>
        <method signature="gpsFileCreationToImportCombined.createGpsFile(java.lang.String)[pri:0, instance:gpsImport.gpsFileCreationToImportCombined@25fb8912]" name="createGpsFile" class="gpsImport.gpsFileCreationToImportCombined"/>
        <method signature="gpsFileCreationToImportCombined.alconIntrospect()[pri:3, instance:gpsImport.gpsFileCreationToImportCombined@25fb8912]" name="alconIntrospect" class="gpsImport.gpsFileCreationToImportCombined"/>
        <method signature="gpsFileCreationToImportCombined.UrlDetails(java.lang.String)[pri:1, instance:gpsImport.gpsFileCreationToImportCombined@5824a83d]" name="UrlDetails" class="gpsImport.gpsFileCreationToImportCombined"/>
        <method signature="gpsFileCreationToImportCombined.getaccesstest(java.lang.String,java.lang.String)[pri:2, instance:gpsImport.gpsFileCreationToImportCombined@5824a83d]" name="getaccesstest" class="gpsImport.gpsFileCreationToImportCombined"/>
        <method signature="gpsFileCreationToImportCombined.alconIntrospect()[pri:3, instance:gpsImport.gpsFileCreationToImportCombined@5824a83d]" name="alconIntrospect" class="gpsImport.gpsFileCreationToImportCombined"/>
      </group> <!-- encode -->
      <group name="importwithoutpid">
        <method signature="gpsFileCreationToImportCombined.UrlDetails(java.lang.String)[pri:1, instance:gpsImport.gpsFileCreationToImportCombined@25fb8912]" name="UrlDetails" class="gpsImport.gpsFileCreationToImportCombined"/>
        <method signature="gpsFileCreationToImportCombined.getaccesstest(java.lang.String,java.lang.String)[pri:2, instance:gpsImport.gpsFileCreationToImportCombined@25fb8912]" name="getaccesstest" class="gpsImport.gpsFileCreationToImportCombined"/>
        <method signature="gpsFileCreationToImportCombined.alconIntrospect()[pri:3, instance:gpsImport.gpsFileCreationToImportCombined@25fb8912]" name="alconIntrospect" class="gpsImport.gpsFileCreationToImportCombined"/>
        <method signature="gpsFileCreationToImportCombined.UrlDetails(java.lang.String)[pri:1, instance:gpsImport.gpsFileCreationToImportCombined@5824a83d]" name="UrlDetails" class="gpsImport.gpsFileCreationToImportCombined"/>
        <method signature="gpsFileCreationToImportCombined.getaccesstest(java.lang.String,java.lang.String)[pri:2, instance:gpsImport.gpsFileCreationToImportCombined@5824a83d]" name="getaccesstest" class="gpsImport.gpsFileCreationToImportCombined"/>
        <method signature="gpsFileCreationToImportCombined.alconIntrospect()[pri:3, instance:gpsImport.gpsFileCreationToImportCombined@5824a83d]" name="alconIntrospect" class="gpsImport.gpsFileCreationToImportCombined"/>
        <method signature="gpsFileCreationToImportCombined.gpsFileImportWithoutPatientId(java.lang.String)[pri:12, instance:gpsImport.gpsFileCreationToImportCombined@5824a83d]" name="gpsFileImportWithoutPatientId" class="gpsImport.gpsFileCreationToImportCombined"/>
      </group> <!-- importwithoutpid -->
      <group name="upload">
        <method signature="gpsFileCreationToImportCombined.UrlDetails(java.lang.String)[pri:1, instance:gpsImport.gpsFileCreationToImportCombined@25fb8912]" name="UrlDetails" class="gpsImport.gpsFileCreationToImportCombined"/>
        <method signature="gpsFileCreationToImportCombined.getaccesstest(java.lang.String,java.lang.String)[pri:2, instance:gpsImport.gpsFileCreationToImportCombined@25fb8912]" name="getaccesstest" class="gpsImport.gpsFileCreationToImportCombined"/>
        <method signature="gpsFileCreationToImportCombined.alconIntrospect()[pri:3, instance:gpsImport.gpsFileCreationToImportCombined@25fb8912]" name="alconIntrospect" class="gpsImport.gpsFileCreationToImportCombined"/>
        <method signature="gpsFileCreationToImportCombined.UrlDetails(java.lang.String)[pri:1, instance:gpsImport.gpsFileCreationToImportCombined@5824a83d]" name="UrlDetails" class="gpsImport.gpsFileCreationToImportCombined"/>
        <method signature="gpsFileCreationToImportCombined.getaccesstest(java.lang.String,java.lang.String)[pri:2, instance:gpsImport.gpsFileCreationToImportCombined@5824a83d]" name="getaccesstest" class="gpsImport.gpsFileCreationToImportCombined"/>
        <method signature="gpsFileCreationToImportCombined.alconIntrospect()[pri:3, instance:gpsImport.gpsFileCreationToImportCombined@5824a83d]" name="alconIntrospect" class="gpsImport.gpsFileCreationToImportCombined"/>
        <method signature="gpsFileCreationToImportCombined.getAccess()[pri:7, instance:gpsImport.gpsFileCreationToImportCombined@5824a83d]" name="getAccess" class="gpsImport.gpsFileCreationToImportCombined"/>
        <method signature="gpsFileCreationToImportCombined.getKeys()[pri:8, instance:gpsImport.gpsFileCreationToImportCombined@5824a83d]" name="getKeys" class="gpsImport.gpsFileCreationToImportCombined"/>
        <method signature="gpsFileCreationToImportCombined.fileEdit()[pri:9, instance:gpsImport.gpsFileCreationToImportCombined@5824a83d]" name="fileEdit" class="gpsImport.gpsFileCreationToImportCombined"/>
        <method signature="gpsFileCreationToImportCombined.cmdPromptFn(java.lang.String)[pri:10, instance:gpsImport.gpsFileCreationToImportCombined@5824a83d]" name="cmdPromptFn" class="gpsImport.gpsFileCreationToImportCombined"/>
      </group> <!-- upload -->
      <group name="decode">
        <method signature="gpsFileCreationToImportCombined.UrlDetails(java.lang.String)[pri:1, instance:gpsImport.gpsFileCreationToImportCombined@25fb8912]" name="UrlDetails" class="gpsImport.gpsFileCreationToImportCombined"/>
        <method signature="gpsFileCreationToImportCombined.getaccesstest(java.lang.String,java.lang.String)[pri:2, instance:gpsImport.gpsFileCreationToImportCombined@25fb8912]" name="getaccesstest" class="gpsImport.gpsFileCreationToImportCombined"/>
        <method signature="gpsFileCreationToImportCombined.alconIntrospect()[pri:3, instance:gpsImport.gpsFileCreationToImportCombined@25fb8912]" name="alconIntrospect" class="gpsImport.gpsFileCreationToImportCombined"/>
        <method signature="gpsFileCreationToImportCombined.UrlDetails(java.lang.String)[pri:1, instance:gpsImport.gpsFileCreationToImportCombined@5824a83d]" name="UrlDetails" class="gpsImport.gpsFileCreationToImportCombined"/>
        <method signature="gpsFileCreationToImportCombined.getaccesstest(java.lang.String,java.lang.String)[pri:2, instance:gpsImport.gpsFileCreationToImportCombined@5824a83d]" name="getaccesstest" class="gpsImport.gpsFileCreationToImportCombined"/>
        <method signature="gpsFileCreationToImportCombined.alconIntrospect()[pri:3, instance:gpsImport.gpsFileCreationToImportCombined@5824a83d]" name="alconIntrospect" class="gpsImport.gpsFileCreationToImportCombined"/>
      </group> <!-- decode -->
      <group name="importwithpid">
        <method signature="gpsFileCreationToImportCombined.UrlDetails(java.lang.String)[pri:1, instance:gpsImport.gpsFileCreationToImportCombined@25fb8912]" name="UrlDetails" class="gpsImport.gpsFileCreationToImportCombined"/>
        <method signature="gpsFileCreationToImportCombined.getaccesstest(java.lang.String,java.lang.String)[pri:2, instance:gpsImport.gpsFileCreationToImportCombined@25fb8912]" name="getaccesstest" class="gpsImport.gpsFileCreationToImportCombined"/>
        <method signature="gpsFileCreationToImportCombined.alconIntrospect()[pri:3, instance:gpsImport.gpsFileCreationToImportCombined@25fb8912]" name="alconIntrospect" class="gpsImport.gpsFileCreationToImportCombined"/>
        <method signature="gpsFileCreationToImportCombined.UrlDetails(java.lang.String)[pri:1, instance:gpsImport.gpsFileCreationToImportCombined@5824a83d]" name="UrlDetails" class="gpsImport.gpsFileCreationToImportCombined"/>
        <method signature="gpsFileCreationToImportCombined.getaccesstest(java.lang.String,java.lang.String)[pri:2, instance:gpsImport.gpsFileCreationToImportCombined@5824a83d]" name="getaccesstest" class="gpsImport.gpsFileCreationToImportCombined"/>
        <method signature="gpsFileCreationToImportCombined.alconIntrospect()[pri:3, instance:gpsImport.gpsFileCreationToImportCombined@5824a83d]" name="alconIntrospect" class="gpsImport.gpsFileCreationToImportCombined"/>
      </group> <!-- importwithpid -->
    </groups>
    <test started-at="2024-02-08T20:48:30 IST" name="TestOne" finished-at="2024-02-08T20:48:47 IST" duration-ms="17360">
      <class name="gpsImport.gpsFileCreationToImportCombined">
        <test-method signature="UrlDetails(java.lang.String)[pri:1, instance:gpsImport.gpsFileCreationToImportCombined@25fb8912]" started-at="2024-02-08T20:48:30 IST" name="UrlDetails" finished-at="2024-02-08T20:48:30 IST" duration-ms="8" status="PASS">
          <params>
            <param index="0">
              <value>
                <![CDATA[vnv]]>
              </value>
            </param>
          </params>
          <reporter-output>
          </reporter-output>
        </test-method> <!-- UrlDetails -->
        <test-method signature="getaccesstest(java.lang.String,java.lang.String)[pri:2, instance:gpsImport.gpsFileCreationToImportCombined@25fb8912]" started-at="2024-02-08T20:48:30 IST" name="getaccesstest" finished-at="2024-02-08T20:48:34 IST" duration-ms="3735" status="PASS">
          <params>
            <param index="0">
              <value>
                <![CDATA[surgeon_priya.fiveofive@alcon.testinator.com]]>
              </value>
            </param>
            <param index="1">
              <value>
                <![CDATA[Alcon@2024]]>
              </value>
            </param>
          </params>
          <reporter-output>
          </reporter-output>
        </test-method> <!-- getaccesstest -->
        <test-method signature="alconIntrospect()[pri:3, instance:gpsImport.gpsFileCreationToImportCombined@25fb8912]" started-at="2024-02-08T20:48:34 IST" name="alconIntrospect" finished-at="2024-02-08T20:48:35 IST" duration-ms="1571" status="PASS">
          <reporter-output>
          </reporter-output>
        </test-method> <!-- alconIntrospect -->
        <test-method signature="gpsEncodeCheck()[pri:4, instance:gpsImport.gpsFileCreationToImportCombined@25fb8912]" started-at="2024-02-08T20:48:35 IST" name="gpsEncodeCheck" finished-at="2024-02-08T20:48:47 IST" duration-ms="11924" status="PASS">
          <reporter-output>
          </reporter-output>
        </test-method> <!-- gpsEncodeCheck -->
        <test-method signature="createGpsFile(java.lang.String)[pri:0, instance:gpsImport.gpsFileCreationToImportCombined@25fb8912]" started-at="2024-02-08T20:48:47 IST" name="createGpsFile" finished-at="2024-02-08T20:48:47 IST" depends-on-methods="gpsImport.gpsFileCreationToImportCombined.gpsEncodeCheck" duration-ms="65" status="PASS">
          <params>
            <param index="0">
              <value>
                <![CDATA[TESTSOURCEMISSING]]>
              </value>
            </param>
          </params>
          <reporter-output>
          </reporter-output>
        </test-method> <!-- createGpsFile -->
      </class> <!-- gpsImport.gpsFileCreationToImportCombined -->
    </test> <!-- TestOne -->
    <test started-at="2024-02-08T20:48:47 IST" name="TestTwo" finished-at="2024-02-08T20:49:48 IST" duration-ms="61144">
      <class name="gpsImport.gpsFileCreationToImportCombined">
        <test-method signature="UrlDetails(java.lang.String)[pri:1, instance:gpsImport.gpsFileCreationToImportCombined@5824a83d]" started-at="2024-02-08T20:48:47 IST" name="UrlDetails" finished-at="2024-02-08T20:48:47 IST" duration-ms="1" status="PASS">
          <params>
            <param index="0">
              <value>
                <![CDATA[vnv]]>
              </value>
            </param>
          </params>
          <reporter-output>
          </reporter-output>
        </test-method> <!-- UrlDetails -->
        <test-method signature="getaccesstest(java.lang.String,java.lang.String)[pri:2, instance:gpsImport.gpsFileCreationToImportCombined@5824a83d]" started-at="2024-02-08T20:48:47 IST" name="getaccesstest" finished-at="2024-02-08T20:48:49 IST" duration-ms="1837" status="PASS">
          <params>
            <param index="0">
              <value>
                <![CDATA[surgeon_priya.fiveofive@alcon.testinator.com]]>
              </value>
            </param>
            <param index="1">
              <value>
                <![CDATA[Alcon@2024]]>
              </value>
            </param>
          </params>
          <reporter-output>
          </reporter-output>
        </test-method> <!-- getaccesstest -->
        <test-method signature="alconIntrospect()[pri:3, instance:gpsImport.gpsFileCreationToImportCombined@5824a83d]" started-at="2024-02-08T20:48:49 IST" name="alconIntrospect" finished-at="2024-02-08T20:48:51 IST" duration-ms="1481" status="PASS">
          <reporter-output>
          </reporter-output>
        </test-method> <!-- alconIntrospect -->
        <test-method signature="getAccess()[pri:7, instance:gpsImport.gpsFileCreationToImportCombined@5824a83d]" started-at="2024-02-08T20:48:51 IST" name="getAccess" finished-at="2024-02-08T20:48:52 IST" duration-ms="1614" status="PASS">
          <reporter-output>
          </reporter-output>
        </test-method> <!-- getAccess -->
        <test-method signature="getKeys()[pri:8, instance:gpsImport.gpsFileCreationToImportCombined@5824a83d]" started-at="2024-02-08T20:48:52 IST" name="getKeys" finished-at="2024-02-08T20:48:52 IST" duration-ms="258" status="PASS">
          <reporter-output>
          </reporter-output>
        </test-method> <!-- getKeys -->
        <test-method signature="fileEdit()[pri:9, instance:gpsImport.gpsFileCreationToImportCombined@5824a83d]" started-at="2024-02-08T20:48:52 IST" name="fileEdit" finished-at="2024-02-08T20:48:52 IST" duration-ms="0" status="PASS">
          <reporter-output>
          </reporter-output>
        </test-method> <!-- fileEdit -->
        <test-method signature="cmdPromptFn(java.lang.String)[pri:10, instance:gpsImport.gpsFileCreationToImportCombined@5824a83d]" started-at="2024-02-08T20:48:52 IST" name="cmdPromptFn" finished-at="2024-02-08T20:49:13 IST" duration-ms="20151" status="PASS">
          <params>
            <param index="0">
              <value>
                <![CDATA[TESTSOURCEMISSING]]>
              </value>
            </param>
          </params>
          <reporter-output>
          </reporter-output>
        </test-method> <!-- cmdPromptFn -->
        <test-method signature="gpsFileImportWithoutPatientId(java.lang.String)[pri:12, instance:gpsImport.gpsFileCreationToImportCombined@5824a83d]" started-at="2024-02-08T20:49:13 IST" name="gpsFileImportWithoutPatientId" finished-at="2024-02-08T20:49:48 IST" duration-ms="35775" status="PASS">
          <params>
            <param index="0">
              <value>
                <![CDATA[TESTSOURCEMISSING]]>
              </value>
            </param>
          </params>
          <reporter-output>
          </reporter-output>
        </test-method> <!-- gpsFileImportWithoutPatientId -->
      </class> <!-- gpsImport.gpsFileCreationToImportCombined -->
    </test> <!-- TestTwo -->
  </suite> <!-- Suite -->
</testng-results>
