<?xml version="1.0" encoding="UTF-8"?>
<!-- Generated by org.testng.reporters.JUnitReportReporter -->
<testsuite hostname="PriyadharshiniM" failures="0" tests="8" name="gpsImport.onePlanner" time="453.228" errors="0" timestamp="2024-02-08T15:27:47 IST" skipped="0">
  <testcase classname="gpsImport.onePlanner" name="UrlDetails" time="0.015"/>
  <system-out/>
  <testcase classname="gpsImport.onePlanner" name="accesstokenreq" time="7.711"/>
  <system-out/>
  <testcase classname="gpsImport.onePlanner" name="gpsDecode" time="284.195"/>
  <system-out/>
  <testcase classname="gpsImport.onePlanner" name="patientCreation" time="6.210"/>
  <system-out>
    <![CDATA[Patient Creation response : 
{"resourceType":"Bundle","type":"transaction-response","entry":[{"fullUrl":"https://cdr-alcon-qa.us-east.philips-healthsuite.com/store/fhir/b4982eb7-433b-4def-9ecc-4b3ae2a456cf/Patient/aa636d71-8343-492f-bc41-6fbcba6b300b","resource":{"resourceType":"Patient","id":"aa636d71-8343-492f-bc41-6fbcba6b300b","meta":{"versionId":"2521b7d8-c668-11ee-a9bd-3f53bd533ae1","lastUpdated":"2024-02-08T09:55:09.67149+00:00","tag":[{"system":"http://alcon.dhs.com/fhir/us/codes","code":"has-approved-plan","display":"has-approved-plan"},{"system":"http://alcon.dhs.com/fhir/us/codes","code":"no-post-op-exams","display":"no-post-op-exams"},{"system":"http://alcon.dhs.com/fhir/us/codes","code":"no-ten-day-post-op-exam","display":"no-ten-day-post-op-exam"},{"system":"http://alcon.dhs.com/fhir/us/codes","code":"created-by-crs","display":"created-by-crs"},{"system":"http://alcon.dhs.com/fhir/us/codes","code":"reconcilliation-needed","display":"reconcilliation-needed"},{"system":"http://alcon.dhs.com/fhir/us/codes","code":"patient-paid-practice","display":"patient-paid-practice"},{"system":"http://alcon.dhs.com/fhir/us/codes","code":"case-unassigned","display":"case-unassigned"}]},"extension":[{"url":"http://alcon.dhs.com/fhir/us/extensions/patient-additional-profile-information","valueString":"{\"consultationStageStatusOd\":\"Incomplete\",\"consultationStageStatusOs\":\"Incomplete\",\"odActiveCaseStatus\":\"true\",\"workflowStatusOd\":\"patient-workflow-status-ready-for-surgery\",\"workflowSurgeryDateOd\":\"\",\"osActiveCaseStatus\":\"true\",\"workflowStatusOs\":\"patient-workflow-status-ready-for-surgery\",\"workflowSurgeryDateOs\":\"2023-08-07\",\"organizationName\":\"FIVEDOTZEROFIVECLINICAL\"}"},{"url":"http://alcon.dhs.com/fhir/us/extensions/patient-simple-list-summary","valueString":"[{\"careTeamReferences\":[],\"careTeams\":[],\"caseName\":\"Default\",\"caseStatus\":\"In-Progress\",\"eye\":\"OU\",\"eyeAssessment\":{\"lastUpdated\":\"2024-01-22T11:54:45+00:00\",\"guid\":\"ff72b379-2c43-4785-b09d-a6f0c857d413\",\"leftOs\":{\"ocularDiseases\":[],\"postRefractive\":\"No Post-Refractive\",\"status\":\"Phakic\",\"cataractType\":[],\"vitreousBody\":\"Normal\",\"refractiveSurgeries\":[{\"type\":\"No Post-Refractive\",\"date\":\"\",\"timeStamp\":\"2024-01-22T11:47:54+00:00\"}],\"lensSurgeries\":[],\"otherSurgeries\":[],\"refractionVisualAcuityAssessments\":[{\"date\":\"2023-08-07\",\"refractions\":[],\"assessments\":[{\"type\":\"Vertex distance\",\"result\":\"12\",\"timeStamp\":\"2023-08-07T17:46:56+00:00\"}],\"visualAcuity\":{\"bcnva\":\"N/A\",\"bcva\":\"N/A\",\"ucnva\":\"N/A\",\"ucva\":\"N/A\",\"eye\":\"OS\",\"uciva\":\"N/A\",\"bciva\":\"N/A\",\"visualAcuityUnit\":\"Decimal\",\"response\":{},\"guid\":\"f7081095-a721-4e88-9a58-b2765248d472\"},\"response\":{},\"eye\":\"OS\",\"lastUpdated\":\"2024-01-22T11:47:54+00:00\",\"timeStamp\":\"2023-08-07T17:46:56+00:00\"},{\"date\":\"2023-08-07\",\"refractions\":[],\"assessments\":[{\"type\":\"Vertex distance\",\"result\":\"12\",\"timeStamp\":\"2023-08-07T19:20:09+00:00\"}],\"visualAcuity\":{\"bcnva\":\"N/A\",\"bcva\":\"N/A\",\"ucnva\":\"N/A\",\"ucva\":\"N/A\",\"eye\":\"OS\",\"uciva\":\"N/A\",\"bciva\":\"N/A\",\"visualAcuityUnit\":\"Decimal\",\"response\":{},\"guid\":\"a921c6c8-78f8-4f03-9c13-4ddf35428524\"},\"response\":{},\"eye\":\"OS\",\"lastUpdated\":\"2024-01-22T11:54:45+00:00\",\"timeStamp\":\"2023-08-07T19:20:09+00:00\"}],\"monoVision\":false},\"rightOd\":{\"ocularDiseases\":[],\"postRefractive\":\"No Post-Refractive\",\"status\":\"Phakic\",\"cataractType\":[],\"vitreousBody\":\"Normal\",\"refractiveSurgeries\":[{\"type\":\"No Post-Refractive\",\"date\":\"\",\"timeStamp\":\"2024-01-22T11:50:14+00:00\"}],\"lensSurgeries\":[],\"otherSurgeries\":[],\"refractionVisualAcuityAssessments\":[{\"date\":\"2023-08-07\",\"refractions\":[],\"assessments\":[{\"type\":\"Vertex distance\",\"result\":\"12\",\"timeStamp\":\"2023-08-07T17:47:09+00:00\"}],\"visualAcuity\":{\"bcnva\":\"N/A\",\"bcva\":\"N/A\",\"ucnva\":\"N/A\",\"ucva\":\"N/A\",\"eye\":\"OD\",\"uciva\":\"N/A\",\"bciva\":\"N/A\",\"visualAcuityUnit\":\"Decimal\",\"response\":{},\"guid\":\"1b4563f8-c51c-48a7-aef5-5cb1be87832d\"},\"response\":{},\"eye\":\"OD\",\"lastUpdated\":\"2024-01-22T11:50:14+00:00\",\"timeStamp\":\"2023-08-07T17:47:09+00:00\"},{\"date\":\"2023-08-03\",\"refractions\":[],\"assessments\":[{\"type\":\"Vertex distance\",\"result\":\"12\",\"timeStamp\":\"2023-08-03T14:18:01+00:00\"}],\"visualAcuity\":{\"bcnva\":\"N/A\",\"bcva\":\"N/A\",\"ucnva\":\"N/A\",\"ucva\":\"N/A\",\"eye\":\"OD\",\"uciva\":\"N/A\",\"bciva\":\"N/A\",\"visualAcuityUnit\":\"Decimal\",\"response\":{},\"guid\":\"ce669a41-cc05-4f64-8abf-81cc566cb3b2\"},\"response\":{},\"eye\":\"OD\",\"lastUpdated\":\"2024-01-22T11:54:00+00:00\",\"timeStamp\":\"2023-08-03T14:18:01+00:00\"}],\"monoVision\":false}},\"guid\":\"08a66760-2bdc-433a-a632-8f8242a3d740\",\"lastUpdated\":\"2024-01-22T11:47:25+00:00\",\"status\":\"Measurement,Complete,Consultation,Incomplete,Planning,Incomplete,Intra-Op,Incomplete,Post-Op,Incomplete\",\"surgeryType\":\"\",\"tags\":[]},{\"careTeamReferences\":[],\"careTeams\":[],\"caseName\":\"1\",\"caseStatus\":\"In-Progress\",\"eye\":\"OS\",\"guid\":\"6f28b303-e0e8-4ccc-a39d-59e4e967ab44\",\"lastUpdated\":\"2024-01-22T11:47:55+00:00\",\"status\":\"Measurement,Complete,Consultation,Incomplete,Planning,Complete,Intra-Op,In-Progress,Post-Op,Incomplete\",\"surgeryDate\":\"2023-08-07\",\"surgeryType\":\"\",\"tags\":[\"no-post-op-exams\",\"no-ten-day-post-op-exam\",\"has-approved-plan\"]},{\"careTeamReferences\":[],\"careTeams\":[],\"caseName\":\"2\",\"caseStatus\":\"In-Progress\",\"eye\":\"OD\",\"guid\":\"bad86fd4-35a5-458d-9776-10370bbed597\",\"lastUpdated\":\"2024-02-08T09:37:33+00:00\",\"status\":\"Measurement,Complete,Consultation,Incomplete,Planning,Complete,Intra-Op,In-Progress,Post-Op,Incomplete\",\"surgeryDate\":\"\",\"surgeryType\":\"\",\"tags\":[\"no-post-op-exams\",\"no-ten-day-post-op-exam\",\"has-approved-plan\"]}]"}],"identifier":[{"use":"usual","type":{"coding":[{"system":"http://hl7.org/fhir/v2/0203","code":"MR","display":"Medical Record Number"}]},"system":"http://alcon.dhs.com/b4982eb7-433b-4def-9ecc-4b3ae2a456cf/mrn","value":"BOTH-EYES-CHECK-OU"}],"active":true,"name":[{"use":"official","text":"TEST BOTH-EYES-CHECK","family":"BOTH-EYES-CHECK","given":["TEST"]}],"gender":"female","birthDate":"2000-08-28","managingOrganization":{"reference":"Organization/b4982eb7-433b-4def-9ecc-4b3ae2a456cf"}},"response":{"status":"200 OK","etag":"W/\"2521b7d8-c668-11ee-a9bd-3f53bd533ae1\"","lastModified":"2024-02-08T09:55:09.67149+00:00"}},{"fullUrl":"https://cdr-alcon-qa.us-east.philips-healthsuite.com/store/fhir/b4982eb7-433b-4def-9ecc-4b3ae2a456cf/CarePlan/4359fd43-0644-4b64-bf6f-dbd73cbcaccc","resource":{"resourceType":"CarePlan","id":"4359fd43-0644-4b64-bf6f-dbd73cbcaccc","meta":{"versionId":"253692a2-c668-11ee-a9bd-d73c1128c41f","lastUpdated":"2024-02-08T09:55:09.67149+00:00","tag":[{"system":"http://alcon.dhs.com/fhir/us/codes","code":"has-approved-plan","display":"has-approved-plan"},{"system":"http://alcon.dhs.com/fhir/us/codes","code":"no-post-op-exams","display":"no-post-op-exams"},{"system":"http://alcon.dhs.com/fhir/us/codes","code":"no-ten-day-post-op-exam","display":"no-ten-day-post-op-exam"},{"system":"http://alcon.dhs.com/fhir/us/codes","code":"created-by-crs","display":"created-by-crs"},{"system":"http://alcon.dhs.com/fhir/us/codes","code":"reconcilliation-needed","display":"reconcilliation-needed"},{"system":"http://alcon.dhs.com/fhir/us/codes","code":"patient-paid-practice","display":"patient-paid-practice"}]},"extension":[{"url":"http://alcon.dhs.com/fhir/us/extensions/careplan-cataractplanner-details","valueString":"[{\"carePlanResourceStatus\":\"In-Progress\",\"careTeamReferences\":[],\"careTeams\":[],\"caseName\":\"Default\",\"excludeFromOptimizations\":false,\"notes\":[],\"procedureRequests\":[],\"status\":\"Measurement,Complete,Consultation,Incomplete,Planning,Incomplete,Intra-Op,Incomplete,Post-Op,Incomplete\",\"surgicalPlans\":[],\"surgicalPlanGuids\":[],\"eye\":\"OU\",\"eyeAssessment\":{\"lastUpdated\":\"2024-01-22T11:54:45+00:00\",\"guid\":\"ff72b379-2c43-4785-b09d-a6f0c857d413\",\"leftOs\":{\"ocularDiseases\":[],\"postRefractive\":\"No Post-Refractive\",\"status\":\"Phakic\",\"cataractType\":[],\"vitreousBody\":\"Normal\",\"refractiveSurgeries\":[{\"type\":\"No Post-Refractive\",\"date\":\"\",\"timeStamp\":\"2024-01-22T11:47:54+00:00\"}],\"lensSurgeries\":[],\"otherSurgeries\":[],\"refractionVisualAcuityAssessments\":[{\"date\":\"2023-08-07\",\"refractions\":[],\"assessments\":[{\"type\":\"Vertex distance\",\"result\":\"12\",\"timeStamp\":\"2023-08-07T17:46:56+00:00\"}],\"visualAcuity\":{\"bcnva\":\"N/A\",\"bcva\":\"N/A\",\"ucnva\":\"N/A\",\"ucva\":\"N/A\",\"eye\":\"OS\",\"uciva\":\"N/A\",\"bciva\":\"N/A\",\"visualAcuityUnit\":\"Decimal\",\"response\":{},\"guid\":\"f7081095-a721-4e88-9a58-b2765248d472\"},\"response\":{},\"eye\":\"OS\",\"lastUpdated\":\"2024-01-22T11:47:54+00:00\",\"timeStamp\":\"2023-08-07T17:46:56+00:00\"},{\"date\":\"2023-08-07\",\"refractions\":[],\"assessments\":[{\"type\":\"Vertex distance\",\"result\":\"12\",\"timeStamp\":\"2023-08-07T19:20:09+00:00\"}],\"visualAcuity\":{\"bcnva\":\"N/A\",\"bcva\":\"N/A\",\"ucnva\":\"N/A\",\"ucva\":\"N/A\",\"eye\":\"OS\",\"uciva\":\"N/A\",\"bciva\":\"N/A\",\"visualAcuityUnit\":\"Decimal\",\"response\":{},\"guid\":\"a921c6c8-78f8-4f03-9c13-4ddf35428524\"},\"response\":{},\"eye\":\"OS\",\"lastUpdated\":\"2024-01-22T11:54:45+00:00\",\"timeStamp\":\"2023-08-07T19:20:09+00:00\"}],\"monoVision\":false},\"rightOd\":{\"ocularDiseases\":[],\"postRefractive\":\"No Post-Refractive\",\"status\":\"Phakic\",\"cataractType\":[],\"vitreousBody\":\"Normal\",\"refractiveSurgeries\":[{\"type\":\"No Post-Refractive\",\"date\":\"\",\"timeStamp\":\"2024-01-22T11:50:14+00:00\"}],\"lensSurgeries\":[],\"otherSurgeries\":[],\"refractionVisualAcuityAssessments\":[{\"date\":\"2023-08-07\",\"refractions\":[],\"assessments\":[{\"type\":\"Vertex distance\",\"result\":\"12\",\"timeStamp\":\"2023-08-07T17:47:09+00:00\"}],\"visualAcuity\":{\"bcnva\":\"N/A\",\"bcva\":\"N/A\",\"ucnva\":\"N/A\",\"ucva\":\"N/A\",\"eye\":\"OD\",\"uciva\":\"N/A\",\"bciva\":\"N/A\",\"visualAcuityUnit\":\"Decimal\",\"response\":{},\"guid\":\"1b4563f8-c51c-48a7-aef5-5cb1be87832d\"},\"response\":{},\"eye\":\"OD\",\"lastUpdated\":\"2024-01-22T11:50:14+00:00\",\"timeStamp\":\"2023-08-07T17:47:09+00:00\"},{\"date\":\"2023-08-03\",\"refractions\":[],\"assessments\":[{\"type\":\"Vertex distance\",\"result\":\"12\",\"timeStamp\":\"2023-08-03T14:18:01+00:00\"}],\"visualAcuity\":{\"bcnva\":\"N/A\",\"bcva\":\"N/A\",\"ucnva\":\"N/A\",\"ucva\":\"N/A\",\"eye\":\"OD\",\"uciva\":\"N/A\",\"bciva\":\"N/A\",\"visualAcuityUnit\":\"Decimal\",\"response\":{},\"guid\":\"ce669a41-cc05-4f64-8abf-81cc566cb3b2\"},\"response\":{},\"eye\":\"OD\",\"lastUpdated\":\"2024-01-22T11:54:00+00:00\",\"timeStamp\":\"2023-08-03T14:18:01+00:00\"}],\"monoVision\":false}},\"guid\":\"08a66760-2bdc-433a-a632-8f8242a3d740\",\"lastUpdated\":\"2024-01-22T11:47:25+00:00\",\"measurementMasterSet\":{\"preOpSet\":{\"preOps\":[{\"accuracy\":\"\",\"lensState\":\"\",\"importStatus\":\"import\",\"measurementMode\":\"Optical\",\"source\":\"ArgosBiometer\",\"sourceId\":\"\",\"timeStamp\":\"2024-01-22T09:42:41+00:00\",\"sourceVersion\":\"\",\"selectedElevenBoxSet\":\"\",\"biometry\":{\"accuracy\":\"\",\"measurementMode\":\"\",\"source\":\"ArgosBiometer\",\"sourceId\":\"\",\"sourceVersion\":\"\",\"importStatus\":\"import\",\"acd\":\"3.227647\",\"al\":\"22.041573\",\"lt\":\"2.153644\",\"wtw\":\"11.954988\",\"acdStd\":\"\",\"alStd\":\"\",\"ltStd\":\"\",\"wtwStd\":\"\",\"biometries\":[],\"index\":\"\",\"coMeasurementIndex\":\"\",\"importedDataNameList\":[\"acd\",\"al\",\"lt\",\"cct\",\"aqueousDepth\",\"wtw\",\"source\"],\"isDataUnTrackImported\":false,\"isTrueAl\":true,\"imagePupil\":\"6.892946\",\"imagePx\":\"0.35514000000000046\",\"imagePy\":\"0.05468500000000098\",\"cct\":\"537.163025\",\"aqueousDepth\":\"2.6904839750000002\",\"cctStd\":\"\",\"response\":{},\"caseId\":\"08a66760-2bdc-433a-a632-8f8242a3d740\",\"eye\":\"OD\",\"guid\":\"13c55535-e61f-457b-a8df-9eaf01f92d3c\",\"technician\":\"Surgeon Priya\",\"timeStamp\":\"2024-01-12T16:52:18+00:00\"},\"keratometry\":{\"accuracy\":\"\",\"measurementMode\":\"\",\"source\":\"ArgosBiometer\",\"sourceId\":\"\",\"sourceVersion\":\"\",\"importStatus\":\"import\",\"k1\":\"7.545860000000001\",\"k2\":\"7.284845000000002\",\"k1Std\":\"0.07131549390241418\",\"k2Std\":\"0.17624739617163596\",\"kUnits\":\"mm\",\"deviceRefractiveIndex\":\"1.332\",\"steep\":\"84\",\"cyl\":\"\",\"steepStd\":\"2.94955\",\"cylStd\":\"\",\"keratometries\":[],\"index\":\"\",\"coMeasurementIndex\":\"\",\"axisOnlyMeasurementFlag\":false,\"accuracyTk\":\"\",\"importStatusTk\":\"import\",\"sourceTk\":\"\",\"sourceIdTk\":\"\",\"sourceVersionTk\":\"\",\"k1Tk\":\"\",\"k2Tk\":\"\",\"k1StdTk\":\"\",\"k2StdTk\":\"\",\"kUnitsTk\":\"\",\"deviceRefractiveIndexTk\":\"\",\"steepTk\":\"\",\"timeStampTk\":\"\",\"technicianTk\":\"\",\"cylTk\":\"\",\"steepStdTk\":\"\",\"cylStdTk\":\"\",\"refractiveIndexAqueousHumorTk\":\"\",\"refractiveIndexCorneaTk\":\"\",\"k1Quality\":\"1\",\"k2Quality\":\"1\",\"k1VesselQuality\":\"-1\",\"k2VesselQuality\":\"-1\",\"k1CornealPowerQuality\":\"1.5\",\"k2CornealPowerQuality\":\"1.5\",\"k1QualityTk\":\"\",\"k2QualityTk\":\"0.0\",\"k1VesselQualityTk\":\"\",\"k2VesselQualityTk\":\"0.0\",\"k1CornealPowerQualityTk\":\"\",\"k2CornealPowerQualityTk\":\"0.0\",\"importedAnteriorKeratometryDataNameList\":[\"k1\",\"k2\",\"kUnits\",\"steep\",\"source\"],\"importedPosteriorKeratometryDataNameList\":[],\"isAnteriorKeratometryDataUnTrackImported\":false,\"isPosteriorKeratometryDataUnTrackImported\":false,\"response\":{},\"importType\":\"gps\",\"caseId\":\"08a66760-2bdc-433a-a632-8f8242a3d740\",\"eye\":\"OD\",\"guid\":\"461ca314-b3f0-40a0-b7c8-401dcd76cb11\",\"technician\":\"Surgeon Priya\",\"timeStamp\":\"2024-01-22T09:42:41+00:00\"},\"imageSet\":{\"images\":[{\"clonedPatientId\":\"\",\"imageContentType\":\"png\",\"imageId\":\"0\",\"imageIndex\":\"0\",\"imageLimbusCenterX\":\"13.356329\",\"imageLimbusCenterY\":\"10.931675\",\"imageLimbusRadiusMajor\":\"5.977494\",\"imageLimbusRadiusMinor\":\"5.977494\",\"imageName\":\"0\",\"imagePixelsPerMillimeter\":\"46.207535\",\"imagePresignedUri\":\"\",\"imagePupilCenterX\":\"13.437818\",\"imagePupilCenterY\":\"10.993108\",\"imagePupilRadiusMajor\":\"3.505625\",\"imagePupilRadiusMinor\":\"3.387321\",\"imageRelativePath\":\"b4982eb7-433b-4def-9ecc-4b3ae2a456cf/pre-op-images/a1d95a1c-b03b-4350-9310-adc7fefc06bc\",\"imageSource\":\"ArgosBiometer\",\"imageSourceKey\":\"\",\"importStatus\":\"import\",\"source\":\"ArgosBiometer\",\"imageValue\":\"\",\"imageSizeUnits\":\"pixels\",\"imageSizeWidth\":\"1280\",\"imageSizeHeight\":\"1024\",\"imageScaleUnits\":\"percent\",\"imageScaleValueX\":\"1\",\"imageScaleValueY\":\"1\",\"imageRotation\":\"0\",\"imageRotationUnits\":\"radians\",\"imageColorSpace\":\"RGB\",\"imageBayerPattern\":\"UndefinedBayerPattern\",\"imageTypeName\":\"REFERENCE\",\"imageDataId\":\"0\",\"imageBufferSize\":\"1240992\",\"imageCompression\":\"HDX\",\"imagePurkinjePositionX\":\"13.792958\",\"imagePurkinjePositionY\":\"11.047793\",\"imagePurkinjeQualityValue\":\"1\",\"response\":{},\"caseId\":\"08a66760-2bdc-433a-a632-8f8242a3d740\",\"eye\":\"OD\",\"guid\":\"08d0f049-582f-4f7b-a145-f3939db5a589\"},{\"clonedPatientId\":\"\",\"imageContentType\":\"raw\",\"imageId\":\"0\",\"imageIndex\":\"1\",\"imageLimbusCenterX\":\"13.356329\",\"imageLimbusCenterY\":\"10.931675\",\"imageLimbusRadiusMajor\":\"5.977494\",\"imageLimbusRadiusMinor\":\"5.977494\",\"imageName\":\"0\",\"imagePixelsPerMillimeter\":\"46.207535\",\"imagePresignedUri\":\"\",\"imagePupilCenterX\":\"13.437818\",\"imagePupilCenterY\":\"10.993108\",\"imagePupilRadiusMajor\":\"3.505625\",\"imagePupilRadiusMinor\":\"3.387321\",\"imageRelativePath\":\"b4982eb7-433b-4def-9ecc-4b3ae2a456cf/pre-op-images/473f7c43-0fe7-44e1-8097-c0e8d478c392\",\"imageSource\":\"ArgosBiometer\",\"imageSourceKey\":\"\",\"importStatus\":\"import\",\"source\":\"ArgosBiometer\",\"imageValue\":\"\",\"imageSizeUnits\":\"pixels\",\"imageSizeWidth\":\"1280\",\"imageSizeHeight\":\"1024\",\"imageScaleUnits\":\"percent\",\"imageScaleValueX\":\"1\",\"imageScaleValueY\":\"1\",\"imageRotation\":\"0\",\"imageRotationUnits\":\"radians\",\"imageColorSpace\":\"RGB\",\"imageBayerPattern\":\"UndefinedBayerPattern\",\"imageTypeName\":\"REFERENCE\",\"imageDataId\":\"0\",\"imageBufferSize\":\"1240992\",\"imageCompression\":\"HDX\",\"imagePurkinjePositionX\":\"13.792958\",\"imagePurkinjePositionY\":\"11.047793\",\"imagePurkinjeQualityValue\":\"1\",\"response\":{},\"eye\":\"OD\",\"guid\":\"e39a5656-ceb0-421f-975a-689a11ba34e1\"}],\"selectedImage\":\"0\",\"response\":{},\"caseId\":\"08a66760-2bdc-433a-a632-8f8242a3d740\",\"eye\":\"OD\",\"guid\":\"abb658ae-0a5b-4067-b32e-fdb33861893b\"},\"formula\":\"\",\"sessionIds\":[\"1\",\"0\"],\"surgeonCredentials\":{\"doctorId\":\"82305002-0279-4e15-8d49-b935f31359b8\",\"doctorOraSurgeonId\":\"112490\",\"oraId\":\"112490\",\"passwordHash\":\"\",\"userName\":\"MaryCAPP\"},\"eyeStatus\":\"\",\"planningDevice\":\"DHS\",\"dicomStudyId\":\"\",\"biometrySource\":\"\",\"biometryParentMeasurement\":\"\",\"biometryTechnician\":\"\",\"biometryTechnicianReference\":\"\",\"biometryTimeStamp\":\"\",\"imageSource\":\"\",\"imageParentMeasurement\":\"\",\"imageTechnician\":\"\",\"imageTechnicianReference\":\"\",\"imageTimeStamp\":\"\",\"importedDataNameList\":[\"measurementMode\",\"timeStamp\"],\"isDataUnTrackImported\":false,\"procedureRequestReference\":\"\",\"accessionId\":\"\",\"toricFormula\":\"\",\"response\":{},\"caseId\":\"08a66760-2bdc-433a-a632-8f8242a3d740\",\"eye\":\"OD\",\"guid\":\"24cd5f5d-eb5c-40cf-bea9-be72b706ff66\",\"lastUpdated\":\"2024-02-08T09:37:31+00:00\"},{\"accuracy\":\"\",\"lensState\":\"\",\"importStatus\":\"import\",\"measurementMode\":\"Optical\",\"source\":\"ArgosBiometer\",\"sourceId\":\"19060008\",\"timeStamp\":\"2023-08-07T19:20:09+00:00\",\"sourceVersion\":\"1.1.0.8\",\"selectedElevenBoxSet\":\"\",\"biometry\":{\"accuracy\":\"\",\"measurementMode\":\"\",\"source\":\"ArgosBiometer\",\"sourceId\":\"19060008\",\"sourceVersion\":\"1.1.0.8\",\"importStatus\":\"import\",\"acd\":\"3.386051\",\"al\":\"23.791067\",\"lt\":\"2.527254\",\"wtw\":\"12.999899\",\"acdStd\":\"0.007271\",\"alStd\":\"0.011613\",\"ltStd\":\"0.02058\",\"wtwStd\":\"\",\"biometries\":[],\"index\":\"\",\"coMeasurementIndex\":\"\",\"importedDataNameList\":[\"acd\",\"al\",\"lt\",\"cct\",\"aqueousDepth\",\"wtw\",\"source\"],\"isDataUnTrackImported\":false,\"isTrueAl\":true,\"imagePupil\":\"3.0808739999999997\",\"imagePx\":\"\",\"imagePy\":\"\",\"cct\":\"651.442932\",\"aqueousDepth\":\"2.734608068\",\"cctStd\":\"0.002595\",\"response\":{},\"caseId\":\"08a66760-2bdc-433a-a632-8f8242a3d740\",\"eye\":\"OS\",\"guid\":\"11038888-facb-4a19-a380-9dada477ed92\",\"technician\":\"\",\"timeStamp\":\"2023-08-07T19:19:40+00:00\"},\"keratometry\":{\"accuracy\":\"\",\"measurementMode\":\"Phakic\",\"source\":\"ArgosBiometer\",\"sourceId\":\"19060008\",\"sourceVersion\":\"1.1.0.8\",\"importStatus\":\"import\",\"k1\":\"7.95898\",\"k2\":\"7.618917\",\"k1Std\":\"0.002425\",\"k2Std\":\"0.003439\",\"kUnits\":\"mm\",\"deviceRefractiveIndex\":\"1.3375\",\"steep\":\"102\",\"cyl\":\"\",\"steepStd\":\"0.301798\",\"cylStd\":\"\",\"keratometries\":[],\"index\":\"\",\"coMeasurementIndex\":\"\",\"axisOnlyMeasurementFlag\":false,\"accuracyTk\":\"\",\"importStatusTk\":\"\",\"sourceTk\":\"\",\"sourceIdTk\":\"\",\"sourceVersionTk\":\"\",\"k1Tk\":\"\",\"k2Tk\":\"\",\"k1StdTk\":\"\",\"k2StdTk\":\"\",\"kUnitsTk\":\"\",\"deviceRefractiveIndexTk\":\"\",\"steepTk\":\"\",\"timeStampTk\":\"\",\"technicianTk\":\"\",\"cylTk\":\"\",\"steepStdTk\":\"\",\"cylStdTk\":\"\",\"refractiveIndexAqueousHumorTk\":\"\",\"refractiveIndexCorneaTk\":\"\",\"k1Quality\":\"1\",\"k2Quality\":\"1\",\"k1VesselQuality\":\"-1\",\"k2VesselQuality\":\"-1\",\"k1CornealPowerQuality\":\"1.5\",\"k2CornealPowerQuality\":\"1.5\",\"k1QualityTk\":\"\",\"k2QualityTk\":\"\",\"k1VesselQualityTk\":\"\",\"k2VesselQualityTk\":\"\",\"k1CornealPowerQualityTk\":\"\",\"k2CornealPowerQualityTk\":\"\",\"importedAnteriorKeratometryDataNameList\":[\"k1\",\"k2\",\"kUnits\",\"steep\",\"source\"],\"importedPosteriorKeratometryDataNameList\":[],\"isAnteriorKeratometryDataUnTrackImported\":false,\"isPosteriorKeratometryDataUnTrackImported\":false,\"response\":{},\"importType\":\"gps\",\"caseId\":\"08a66760-2bdc-433a-a632-8f8242a3d740\",\"eye\":\"OS\",\"guid\":\"abd2a8b1-c7e4-4aa6-8618-e8cddaf392e0\",\"technician\":\"\",\"timeStamp\":\"2023-08-07T19:19:40+00:00\"},\"imageSet\":{\"images\":[{\"clonedPatientId\":\"\",\"imageContentType\":\"png\",\"imageId\":\"0\",\"imageIndex\":\"0\",\"imageLimbusCenterX\":\"13.754736\",\"imageLimbusCenterY\":\"10.90342\",\"imageLimbusRadiusMajor\":\"6.499949\",\"imageLimbusRadiusMinor\":\"6.499949\",\"imageName\":\"0\",\"imagePixelsPerMillimeter\":\"46.328495\",\"imagePresignedUri\":\"\",\"imagePupilCenterX\":\"13.813376\",\"imagePupilCenterY\":\"10.870266\",\"imagePupilRadiusMajor\":\"1.5975\",\"imagePupilRadiusMinor\":\"1.483374\",\"imageRelativePath\":\"b4982eb7-433b-4def-9ecc-4b3ae2a456cf/pre-op-images/6b6175d5-f08c-48ce-b63d-2f4be9be8b15\",\"imageSource\":\"ArgosBiometer\",\"imageSourceKey\":\"\",\"importStatus\":\"import\",\"source\":\"ArgosBiometer\",\"imageValue\":\"\",\"imageSizeUnits\":\"pixels\",\"imageSizeWidth\":\"1280\",\"imageSizeHeight\":\"1024\",\"imageScaleUnits\":\"percent\",\"imageScaleValueX\":\"1\",\"imageScaleValueY\":\"1\",\"imageRotation\":\"0\",\"imageRotationUnits\":\"radians\",\"imageColorSpace\":\"RGB\",\"imageBayerPattern\":\"UndefinedBayerPattern\",\"imageTypeName\":\"REFERENCE\",\"imageDataId\":\"0\",\"imageBufferSize\":\"1603580\",\"imageCompression\":\"HDX\",\"imagePurkinjePositionX\":\"\",\"imagePurkinjePositionY\":\"\",\"imagePurkinjeQualityValue\":\"\",\"response\":{},\"caseId\":\"08a66760-2bdc-433a-a632-8f8242a3d740\",\"eye\":\"OS\",\"guid\":\"e87da980-6da4-4756-a1c4-301fb20055c1\"},{\"clonedPatientId\":\"\",\"imageContentType\":\"raw\",\"imageId\":\"0\",\"imageIndex\":\"1\",\"imageLimbusCenterX\":\"13.754736\",\"imageLimbusCenterY\":\"10.90342\",\"imageLimbusRadiusMajor\":\"6.499949\",\"imageLimbusRadiusMinor\":\"6.499949\",\"imageName\":\"0\",\"imagePixelsPerMillimeter\":\"46.328495\",\"imagePresignedUri\":\"\",\"imagePupilCenterX\":\"13.813376\",\"imagePupilCenterY\":\"10.870266\",\"imagePupilRadiusMajor\":\"1.5975\",\"imagePupilRadiusMinor\":\"1.483374\",\"imageRelativePath\":\"b4982eb7-433b-4def-9ecc-4b3ae2a456cf/pre-op-images/2fde9db9-dd1b-4f56-9cc9-5b2620bca227\",\"imageSource\":\"ArgosBiometer\",\"imageSourceKey\":\"\",\"importStatus\":\"import\",\"source\":\"ArgosBiometer\",\"imageValue\":\"\",\"imageSizeUnits\":\"pixels\",\"imageSizeWidth\":\"1280\",\"imageSizeHeight\":\"1024\",\"imageScaleUnits\":\"percent\",\"imageScaleValueX\":\"1\",\"imageScaleValueY\":\"1\",\"imageRotation\":\"0\",\"imageRotationUnits\":\"radians\",\"imageColorSpace\":\"RGB\",\"imageBayerPattern\":\"UndefinedBayerPattern\",\"imageTypeName\":\"REFERENCE\",\"imageDataId\":\"0\",\"imageBufferSize\":\"1603580\",\"imageCompression\":\"HDX\",\"imagePurkinjePositionX\":\"\",\"imagePurkinjePositionY\":\"\",\"imagePurkinjeQualityValue\":\"\",\"response\":{},\"eye\":\"OS\",\"guid\":\"272ad5ca-5302-45d6-b60b-13d35ae062d2\"}],\"selectedImage\":\"0\",\"response\":{},\"caseId\":\"08a66760-2bdc-433a-a632-8f8242a3d740\",\"eye\":\"OS\",\"guid\":\"000177d7-5be7-407d-877b-c75e89d428e3\"},\"formula\":\"\",\"sessionIds\":[\"0\"],\"surgeonCredentials\":{\"doctorId\":\"4430a498-043e-488c-87ec-aa092574a940\",\"doctorOraSurgeonId\":\"111599\",\"oraId\":\"111599\",\"passwordHash\":\"\",\"userName\":\"Surgeon\"},\"eyeStatus\":\"Phakic\",\"planningDevice\":\"Planner\",\"dicomStudyId\":\"\",\"biometrySource\":\"\",\"biometryParentMeasurement\":\"\",\"biometryTechnician\":\"\",\"biometryTechnicianReference\":\"\",\"biometryTimeStamp\":\"\",\"imageSource\":\"\",\"imageParentMeasurement\":\"\",\"imageTechnician\":\"\",\"imageTechnicianReference\":\"\",\"imageTimeStamp\":\"\",\"importedDataNameList\":[\"measurementMode\",\"timeStamp\"],\"isDataUnTrackImported\":false,\"procedureRequestReference\":\"\",\"accessionId\":\"\",\"toricFormula\":\"\",\"response\":{},\"caseId\":\"08a66760-2bdc-433a-a632-8f8242a3d740\",\"eye\":\"OS\",\"guid\":\"aecae2be-06df-4058-b2cd-5d053404a30c\",\"lastUpdated\":\"2024-01-22T11:54:44+00:00\"},{\"accuracy\":\"\",\"lensState\":\"\",\"importStatus\":\"import\",\"measurementMode\":\"Optical\",\"source\":\"ArgosBiometer\",\"sourceId\":\"19060008\",\"timeStamp\":\"2023-08-07T17:47:09+00:00\",\"sourceVersion\":\"1.1.0.8\",\"selectedElevenBoxSet\":\"\",\"biometry\":{\"accuracy\":\"\",\"measurementMode\":\"\",\"source\":\"ArgosBiometer\",\"sourceId\":\"19060008\",\"sourceVersion\":\"1.1.0.8\",\"importStatus\":\"import\",\"acd\":\"3.39189\",\"al\":\"23.81036\",\"lt\":\"2.527765\",\"wtw\":\"12.986394\",\"acdStd\":\"0.006898\",\"alStd\":\"0.01523\",\"ltStd\":\"0.0221\",\"wtwStd\":\"\",\"biometries\":[],\"index\":\"\",\"coMeasurementIndex\":\"\",\"importedDataNameList\":[\"acd\",\"al\",\"lt\",\"cct\",\"aqueousDepth\",\"wtw\",\"source\"],\"isDataUnTrackImported\":false,\"isTrueAl\":true,\"imagePupil\":\"2.9648320000000004\",\"imagePx\":\"\",\"imagePy\":\"\",\"cct\":\"656.468262\",\"aqueousDepth\":\"2.7354217380000003\",\"cctStd\":\"0.002618\",\"response\":{},\"caseId\":\"08a66760-2bdc-433a-a632-8f8242a3d740\",\"eye\":\"OD\",\"guid\":\"80c4afe3-13be-423b-953b-39078c1a3f78\",\"technician\":\"\",\"timeStamp\":\"2023-08-07T17:46:33+00:00\"},\"keratometry\":{\"accuracy\":\"\",\"measurementMode\":\"Phakic\",\"source\":\"ArgosBiometer\",\"sourceId\":\"19060008\",\"sourceVersion\":\"1.1.0.8\",\"importStatus\":\"import\",\"k1\":\"7.950249\",\"k2\":\"7.615484\",\"k1Std\":\"0.007379\",\"k2Std\":\"0.005048\",\"kUnits\":\"mm\",\"deviceRefractiveIndex\":\"1.3375\",\"steep\":\"99\",\"cyl\":\"\",\"steepStd\":\"1.022174\",\"cylStd\":\"\",\"keratometries\":[],\"index\":\"\",\"coMeasurementIndex\":\"\",\"axisOnlyMeasurementFlag\":false,\"accuracyTk\":\"\",\"importStatusTk\":\"\",\"sourceTk\":\"\",\"sourceIdTk\":\"\",\"sourceVersionTk\":\"\",\"k1Tk\":\"\",\"k2Tk\":\"\",\"k1StdTk\":\"\",\"k2StdTk\":\"\",\"kUnitsTk\":\"\",\"deviceRefractiveIndexTk\":\"\",\"steepTk\":\"\",\"timeStampTk\":\"\",\"technicianTk\":\"\",\"cylTk\":\"\",\"steepStdTk\":\"\",\"cylStdTk\":\"\",\"refractiveIndexAqueousHumorTk\":\"\",\"refractiveIndexCorneaTk\":\"\",\"k1Quality\":\"1\",\"k2Quality\":\"1\",\"k1VesselQuality\":\"-1\",\"k2VesselQuality\":\"-1\",\"k1CornealPowerQuality\":\"1.5\",\"k2CornealPowerQuality\":\"1.5\",\"k1QualityTk\":\"\",\"k2QualityTk\":\"\",\"k1VesselQualityTk\":\"\",\"k2VesselQualityTk\":\"\",\"k1CornealPowerQualityTk\":\"\",\"k2CornealPowerQualityTk\":\"\",\"importedAnteriorKeratometryDataNameList\":[\"k1\",\"k2\",\"kUnits\",\"steep\",\"source\"],\"importedPosteriorKeratometryDataNameList\":[],\"isAnteriorKeratometryDataUnTrackImported\":false,\"isPosteriorKeratometryDataUnTrackImported\":false,\"response\":{},\"importType\":\"gps\",\"caseId\":\"08a66760-2bdc-433a-a632-8f8242a3d740\",\"eye\":\"OD\",\"guid\":\"cf214b31-446c-4ac4-aa66-d042710b5039\",\"technician\":\"\",\"timeStamp\":\"2023-08-07T17:46:33+00:00\"},\"imageSet\":{\"images\":[{\"clonedPatientId\":\"\",\"imageContentType\":\"png\",\"imageId\":\"0\",\"imageIndex\":\"0\",\"imageLimbusCenterX\":\"13.872275\",\"imageLimbusCenterY\":\"11.021814\",\"imageLimbusRadiusMajor\":\"6.493197\",\"imageLimbusRadiusMinor\":\"6.493197\",\"imageName\":\"0\",\"imagePixelsPerMillimeter\":\"46.328495\",\"imagePresignedUri\":\"\",\"imagePupilCenterX\":\"13.909266\",\"imagePupilCenterY\":\"10.981628\",\"imagePupilRadiusMajor\":\"1.53706\",\"imagePupilRadiusMinor\":\"1.427772\",\"imageRelativePath\":\"b4982eb7-433b-4def-9ecc-4b3ae2a456cf/pre-op-images/5cdd2d4a-2908-4400-bca0-443939ee5e97\",\"imageSource\":\"ArgosBiometer\",\"imageSourceKey\":\"\",\"importStatus\":\"import\",\"source\":\"ArgosBiometer\",\"imageValue\":\"\",\"imageSizeUnits\":\"pixels\",\"imageSizeWidth\":\"1280\",\"imageSizeHeight\":\"1024\",\"imageScaleUnits\":\"percent\",\"imageScaleValueX\":\"1\",\"imageScaleValueY\":\"1\",\"imageRotation\":\"0\",\"imageRotationUnits\":\"radians\",\"imageColorSpace\":\"RGB\",\"imageBayerPattern\":\"UndefinedBayerPattern\",\"imageTypeName\":\"REFERENCE\",\"imageDataId\":\"0\",\"imageBufferSize\":\"1548744\",\"imageCompression\":\"HDX\",\"imagePurkinjePositionX\":\"\",\"imagePurkinjePositionY\":\"\",\"imagePurkinjeQualityValue\":\"\",\"response\":{},\"caseId\":\"08a66760-2bdc-433a-a632-8f8242a3d740\",\"eye\":\"OD\",\"guid\":\"7f6d6fbc-326a-494a-b221-9adcaa7ba166\"},{\"clonedPatientId\":\"\",\"imageContentType\":\"raw\",\"imageId\":\"0\",\"imageIndex\":\"1\",\"imageLimbusCenterX\":\"13.872275\",\"imageLimbusCenterY\":\"11.021814\",\"imageLimbusRadiusMajor\":\"6.493197\",\"imageLimbusRadiusMinor\":\"6.493197\",\"imageName\":\"0\",\"imagePixelsPerMillimeter\":\"46.328495\",\"imagePresignedUri\":\"\",\"imagePupilCenterX\":\"13.909266\",\"imagePupilCenterY\":\"10.981628\",\"imagePupilRadiusMajor\":\"1.53706\",\"imagePupilRadiusMinor\":\"1.427772\",\"imageRelativePath\":\"b4982eb7-433b-4def-9ecc-4b3ae2a456cf/pre-op-images/0a7acce5-487d-4b66-83eb-6e320a9a5fcd\",\"imageSource\":\"ArgosBiometer\",\"imageSourceKey\":\"\",\"importStatus\":\"import\",\"source\":\"ArgosBiometer\",\"imageValue\":\"\",\"imageSizeUnits\":\"pixels\",\"imageSizeWidth\":\"1280\",\"imageSizeHeight\":\"1024\",\"imageScaleUnits\":\"percent\",\"imageScaleValueX\":\"1\",\"imageScaleValueY\":\"1\",\"imageRotation\":\"0\",\"imageRotationUnits\":\"radians\",\"imageColorSpace\":\"RGB\",\"imageBayerPattern\":\"UndefinedBayerPattern\",\"imageTypeName\":\"REFERENCE\",\"imageDataId\":\"0\",\"imageBufferSize\":\"1548744\",\"imageCompression\":\"HDX\",\"imagePurkinjePositionX\":\"\",\"imagePurkinjePositionY\":\"\",\"imagePurkinjeQualityValue\":\"\",\"response\":{},\"eye\":\"OD\",\"guid\":\"5e1def29-19bd-4b65-954e-6972594c3ce6\"}],\"selectedImage\":\"0\",\"response\":{},\"caseId\":\"08a66760-2bdc-433a-a632-8f8242a3d740\",\"eye\":\"OD\",\"guid\":\"79f478bb-a324-4ab9-9c66-42c64c76d397\"},\"formula\":\"\",\"sessionIds\":[\"0\"],\"surgeonCredentials\":{\"doctorId\":\"4430a498-043e-488c-87ec-aa092574a940\",\"doctorOraSurgeonId\":\"111599\",\"oraId\":\"111599\",\"passwordHash\":\"\",\"userName\":\"Surgeon\"},\"eyeStatus\":\"Phakic\",\"planningDevice\":\"Planner\",\"dicomStudyId\":\"\",\"biometrySource\":\"\",\"biometryParentMeasurement\":\"\",\"biometryTechnician\":\"\",\"biometryTechnicianReference\":\"\",\"biometryTimeStamp\":\"\",\"imageSource\":\"\",\"imageParentMeasurement\":\"\",\"imageTechnician\":\"\",\"imageTechnicianReference\":\"\",\"imageTimeStamp\":\"\",\"importedDataNameList\":[\"measurementMode\",\"timeStamp\"],\"isDataUnTrackImported\":false,\"procedureRequestReference\":\"\",\"accessionId\":\"\",\"toricFormula\":\"\",\"response\":{},\"caseId\":\"08a66760-2bdc-433a-a632-8f8242a3d740\",\"eye\":\"OD\",\"guid\":\"85dd5926-1561-49d8-87aa-6738d737167c\",\"lastUpdated\":\"2024-01-22T11:50:14+00:00\"},{\"accuracy\":\"\",\"lensState\":\"\",\"importStatus\":\"import\",\"measurementMode\":\"Optical\",\"source\":\"ArgosBiometer\",\"sourceId\":\"19060008\",\"timeStamp\":\"2023-08-07T17:46:56+00:00\",\"sourceVersion\":\"1.1.0.8\",\"selectedElevenBoxSet\":\"\",\"biometry\":{\"accuracy\":\"\",\"measurementMode\":\"\",\"source\":\"ArgosBiometer\",\"sourceId\":\"19060008\",\"sourceVersion\":\"1.1.0.8\",\"importStatus\":\"import\",\"acd\":\"3.39302\",\"al\":\"23.793325\",\"lt\":\"2.524699\",\"wtw\":\"13.008775\",\"acdStd\":\"0.0084\",\"alStd\":\"0.008274\",\"ltStd\":\"0.024717\",\"wtwStd\":\"\",\"biometries\":[],\"index\":\"\",\"coMeasurementIndex\":\"\",\"importedDataNameList\":[\"acd\",\"al\",\"lt\",\"cct\",\"aqueousDepth\",\"wtw\",\"source\"],\"isDataUnTrackImported\":false,\"isTrueAl\":true,\"imagePupil\":\"2.9994750000000003\",\"imagePx\":\"\",\"imagePy\":\"\",\"cct\":\"656.555725\",\"aqueousDepth\":\"2.736464275\",\"cctStd\":\"0.00355\",\"response\":{},\"caseId\":\"08a66760-2bdc-433a-a632-8f8242a3d740\",\"eye\":\"OS\",\"guid\":\"f8c19612-b96d-427b-8cad-889a6eb3d15c\",\"technician\":\"\",\"timeStamp\":\"2023-08-07T17:46:33+00:00\"},\"keratometry\":{\"accuracy\":\"\",\"measurementMode\":\"Phakic\",\"source\":\"ArgosBiometer\",\"sourceId\":\"19060008\",\"sourceVersion\":\"1.1.0.8\",\"importStatus\":\"import\",\"k1\":\"7.95028\",\"k2\":\"7.605342\",\"k1Std\":\"0.014827\",\"k2Std\":\"0.014512\",\"kUnits\":\"mm\",\"deviceRefractiveIndex\":\"1.3375\",\"steep\":\"100\",\"cyl\":\"\",\"steepStd\":\"0.709401\",\"cylStd\":\"\",\"keratometries\":[],\"index\":\"\",\"coMeasurementIndex\":\"\",\"axisOnlyMeasurementFlag\":false,\"accuracyTk\":\"\",\"importStatusTk\":\"\",\"sourceTk\":\"\",\"sourceIdTk\":\"\",\"sourceVersionTk\":\"\",\"k1Tk\":\"\",\"k2Tk\":\"\",\"k1StdTk\":\"\",\"k2StdTk\":\"\",\"kUnitsTk\":\"\",\"deviceRefractiveIndexTk\":\"\",\"steepTk\":\"\",\"timeStampTk\":\"\",\"technicianTk\":\"\",\"cylTk\":\"\",\"steepStdTk\":\"\",\"cylStdTk\":\"\",\"refractiveIndexAqueousHumorTk\":\"\",\"refractiveIndexCorneaTk\":\"\",\"k1Quality\":\"1\",\"k2Quality\":\"1\",\"k1VesselQuality\":\"-1\",\"k2VesselQuality\":\"-1\",\"k1CornealPowerQuality\":\"1.5\",\"k2CornealPowerQuality\":\"1.5\",\"k1QualityTk\":\"\",\"k2QualityTk\":\"\",\"k1VesselQualityTk\":\"\",\"k2VesselQualityTk\":\"\",\"k1CornealPowerQualityTk\":\"\",\"k2CornealPowerQualityTk\":\"\",\"importedAnteriorKeratometryDataNameList\":[\"k1\",\"k2\",\"kUnits\",\"steep\",\"source\"],\"importedPosteriorKeratometryDataNameList\":[],\"isAnteriorKeratometryDataUnTrackImported\":false,\"isPosteriorKeratometryDataUnTrackImported\":false,\"response\":{},\"importType\":\"gps\",\"caseId\":\"08a66760-2bdc-433a-a632-8f8242a3d740\",\"eye\":\"OS\",\"guid\":\"230ea111-9e9b-41a9-bf1f-f90072c51367\",\"technician\":\"\",\"timeStamp\":\"2023-08-07T17:46:33+00:00\"},\"imageSet\":{\"images\":[{\"clonedPatientId\":\"\",\"imageContentType\":\"png\",\"imageId\":\"0\",\"imageIndex\":\"0\",\"imageLimbusCenterX\":\"13.684387\",\"imageLimbusCenterY\":\"11.048626\",\"imageLimbusRadiusMajor\":\"6.504387\",\"imageLimbusRadiusMinor\":\"6.504387\",\"imageName\":\"0\",\"imagePixelsPerMillimeter\":\"46.328495\",\"imagePresignedUri\":\"\",\"imagePupilCenterX\":\"13.722049\",\"imagePupilCenterY\":\"11.02565\",\"imagePupilRadiusMajor\":\"1.552863\",\"imagePupilRadiusMinor\":\"1.446612\",\"imageRelativePath\":\"b4982eb7-433b-4def-9ecc-4b3ae2a456cf/pre-op-images/9fb8bd7a-bcef-43de-9cba-fda12748da90\",\"imageSource\":\"ArgosBiometer\",\"imageSourceKey\":\"\",\"importStatus\":\"import\",\"source\":\"ArgosBiometer\",\"imageValue\":\"\",\"imageSizeUnits\":\"pixels\",\"imageSizeWidth\":\"1280\",\"imageSizeHeight\":\"1024\",\"imageScaleUnits\":\"percent\",\"imageScaleValueX\":\"1\",\"imageScaleValueY\":\"1\",\"imageRotation\":\"0\",\"imageRotationUnits\":\"radians\",\"imageColorSpace\":\"RGB\",\"imageBayerPattern\":\"UndefinedBayerPattern\",\"imageTypeName\":\"REFERENCE\",\"imageDataId\":\"0\",\"imageBufferSize\":\"1602512\",\"imageCompression\":\"HDX\",\"imagePurkinjePositionX\":\"\",\"imagePurkinjePositionY\":\"\",\"imagePurkinjeQualityValue\":\"\",\"response\":{},\"caseId\":\"08a66760-2bdc-433a-a632-8f8242a3d740\",\"eye\":\"OS\",\"guid\":\"473911ac-7893-4553-9663-f8c5786094da\"},{\"clonedPatientId\":\"\",\"imageContentType\":\"raw\",\"imageId\":\"0\",\"imageIndex\":\"1\",\"imageLimbusCenterX\":\"13.684387\",\"imageLimbusCenterY\":\"11.048626\",\"imageLimbusRadiusMajor\":\"6.504387\",\"imageLimbusRadiusMinor\":\"6.504387\",\"imageName\":\"0\",\"imagePixelsPerMillimeter\":\"46.328495\",\"imagePresignedUri\":\"\",\"imagePupilCenterX\":\"13.722049\",\"imagePupilCenterY\":\"11.02565\",\"imagePupilRadiusMajor\":\"1.552863\",\"imagePupilRadiusMinor\":\"1.446612\",\"imageRelativePath\":\"b4982eb7-433b-4def-9ecc-4b3ae2a456cf/pre-op-images/ac1020f8-4a1c-45d0-a03f-536130fd0735\",\"imageSource\":\"ArgosBiometer\",\"imageSourceKey\":\"\",\"importStatus\":\"import\",\"source\":\"ArgosBiometer\",\"imageValue\":\"\",\"imageSizeUnits\":\"pixels\",\"imageSizeWidth\":\"1280\",\"imageSizeHeight\":\"1024\",\"imageScaleUnits\":\"percent\",\"imageScaleValueX\":\"1\",\"imageScaleValueY\":\"1\",\"imageRotation\":\"0\",\"imageRotationUnits\":\"radians\",\"imageColorSpace\":\"RGB\",\"imageBayerPattern\":\"UndefinedBayerPattern\",\"imageTypeName\":\"REFERENCE\",\"imageDataId\":\"0\",\"imageBufferSize\":\"1602512\",\"imageCompression\":\"HDX\",\"imagePurkinjePositionX\":\"\",\"imagePurkinjePositionY\":\"\",\"imagePurkinjeQualityValue\":\"\",\"response\":{},\"eye\":\"OS\",\"guid\":\"9a88f00c-54d5-4229-9dc2-bca52d13ddb5\"}],\"selectedImage\":\"0\",\"response\":{},\"caseId\":\"08a66760-2bdc-433a-a632-8f8242a3d740\",\"eye\":\"OS\",\"guid\":\"55f8b185-2cd4-4390-9428-f1c8058b6341\"},\"formula\":\"\",\"sessionIds\":[\"0\"],\"surgeonCredentials\":{\"doctorId\":\"4430a498-043e-488c-87ec-aa092574a940\",\"doctorOraSurgeonId\":\"111599\",\"oraId\":\"111599\",\"passwordHash\":\"\",\"userName\":\"Surgeon\"},\"eyeStatus\":\"Phakic\",\"planningDevice\":\"Planner\",\"dicomStudyId\":\"\",\"biometrySource\":\"\",\"biometryParentMeasurement\":\"\",\"biometryTechnician\":\"\",\"biometryTechnicianReference\":\"\",\"biometryTimeStamp\":\"\",\"imageSource\":\"\",\"imageParentMeasurement\":\"\",\"imageTechnician\":\"\",\"imageTechnicianReference\":\"\",\"imageTimeStamp\":\"\",\"importedDataNameList\":[\"measurementMode\",\"timeStamp\"],\"isDataUnTrackImported\":false,\"procedureRequestReference\":\"\",\"accessionId\":\"\",\"toricFormula\":\"\",\"response\":{},\"caseId\":\"08a66760-2bdc-433a-a632-8f8242a3d740\",\"eye\":\"OS\",\"guid\":\"89cf15f4-f483-4a5c-9e2c-5bd3afc74a18\",\"lastUpdated\":\"2024-01-22T11:47:54+00:00\"},{\"accuracy\":\"\",\"lensState\":\"\",\"importStatus\":\"import\",\"measurementMode\":\"Optical\",\"source\":\"Verion\",\"sourceId\":\"4016\",\"timeStamp\":\"2023-08-03T14:18:01+00:00\",\"sourceVersion\":\"3.2.0.0\",\"selectedElevenBoxSet\":\"\",\"biometry\":{\"accuracy\":\"\",\"measurementMode\":\"\",\"source\":\"Manual\",\"sourceId\":\"\",\"sourceVersion\":\"5.0\",\"importStatus\":\"import\",\"acd\":\"5\",\"al\":\"23\",\"lt\":\"5\",\"wtw\":\"14.257428\",\"acdStd\":\"\",\"alStd\":\"\",\"ltStd\":\"\",\"wtwStd\":\"\",\"biometries\":[],\"index\":\"\",\"coMeasurementIndex\":\"\",\"importedDataNameList\":[\"acd\",\"al\",\"lt\",\"wtw\",\"source\"],\"isDataUnTrackImported\":false,\"isTrueAl\":false,\"imagePupil\":\"\",\"imagePx\":\"\",\"imagePy\":\"\",\"cct\":\"\",\"aqueousDepth\":\"\",\"cctStd\":\"\",\"response\":{},\"caseId\":\"08a66760-2bdc-433a-a632-8f8242a3d740\",\"eye\":\"OD\",\"guid\":\"83678bac-a34f-4bd5-9ddd-34db091c3921\",\"technician\":\"SURGEON SURGEON\",\"timeStamp\":\"2023-08-03T14:18:01+00:00\"},\"keratometry\":{\"accuracy\":\"\",\"measurementMode\":\"Phakic\",\"source\":\"Verion\",\"sourceId\":\"4016\",\"sourceVersion\":\"3.2.0.0\",\"importStatus\":\"import\",\"k1\":\"7.847436\",\"k2\":\"7.8374\",\"k1Std\":\"\",\"k2Std\":\"\",\"kUnits\":\"mm\",\"deviceRefractiveIndex\":\"1.3375\",\"steep\":\"153\",\"cyl\":\"\",\"steepStd\":\"\",\"cylStd\":\"\",\"keratometries\":[],\"index\":\"\",\"coMeasurementIndex\":\"\",\"axisOnlyMeasurementFlag\":false,\"accuracyTk\":\"\",\"importStatusTk\":\"\",\"sourceTk\":\"\",\"sourceIdTk\":\"\",\"sourceVersionTk\":\"\",\"k1Tk\":\"\",\"k2Tk\":\"\",\"k1StdTk\":\"\",\"k2StdTk\":\"\",\"kUnitsTk\":\"\",\"deviceRefractiveIndexTk\":\"\",\"steepTk\":\"\",\"timeStampTk\":\"\",\"technicianTk\":\"\",\"cylTk\":\"\",\"steepStdTk\":\"\",\"cylStdTk\":\"\",\"refractiveIndexAqueousHumorTk\":\"\",\"refractiveIndexCorneaTk\":\"\",\"k1Quality\":\"0.5\",\"k2Quality\":\"0.5\",\"k1VesselQuality\":\"0.5\",\"k2VesselQuality\":\"0.5\",\"k1CornealPowerQuality\":\"2\",\"k2CornealPowerQuality\":\"0.5\",\"k1QualityTk\":\"\",\"k2QualityTk\":\"\",\"k1VesselQualityTk\":\"\",\"k2VesselQualityTk\":\"\",\"k1CornealPowerQualityTk\":\"\",\"k2CornealPowerQualityTk\":\"\",\"importedAnteriorKeratometryDataNameList\":[\"k1\",\"k2\",\"kUnits\",\"steep\",\"source\"],\"importedPosteriorKeratometryDataNameList\":[],\"isAnteriorKeratometryDataUnTrackImported\":false,\"isPosteriorKeratometryDataUnTrackImported\":false,\"response\":{},\"importType\":\"gps\",\"caseId\":\"08a66760-2bdc-433a-a632-8f8242a3d740\",\"eye\":\"OD\",\"guid\":\"4fa247aa-19ab-492a-99db-c9123960dc6f\",\"technician\":\"\",\"timeStamp\":\"2023-06-07T19:42:10+00:00\"},\"imageSet\":{\"images\":[{\"clonedPatientId\":\"\",\"imageContentType\":\"png\",\"imageId\":\"0\",\"imageIndex\":\"0\",\"imageLimbusCenterX\":\"13.57719\",\"imageLimbusCenterY\":\"10.79257\",\"imageLimbusRadiusMajor\":\"7.128714\",\"imageLimbusRadiusMinor\":\"7.128714\",\"imageName\":\"0\",\"imagePixelsPerMillimeter\":\"47.551102\",\"imagePresignedUri\":\"\",\"imagePupilCenterX\":\"\",\"imagePupilCenterY\":\"\",\"imagePupilRadiusMajor\":\"\",\"imagePupilRadiusMinor\":\"\",\"imageRelativePath\":\"b4982eb7-433b-4def-9ecc-4b3ae2a456cf/pre-op-images/0826dcf2-e495-43b8-b847-ab881468c0e6\",\"imageSource\":\"ReferenceUnit\",\"imageSourceKey\":\"\",\"importStatus\":\"import\",\"source\":\"ReferenceUnit\",\"imageValue\":\"\",\"imageSizeUnits\":\"pixels\",\"imageSizeWidth\":\"1280\",\"imageSizeHeight\":\"1024\",\"imageScaleUnits\":\"percent\",\"imageScaleValueX\":\"1\",\"imageScaleValueY\":\"1\",\"imageRotation\":\"0\",\"imageRotationUnits\":\"radians\",\"imageColorSpace\":\"BAYER8\",\"imageBayerPattern\":\"\",\"imageTypeName\":\"REFERENCE\",\"imageDataId\":\"0\",\"imageBufferSize\":\"1118544\",\"imageCompression\":\"b64huffman\",\"imagePurkinjePositionX\":\"13.565574\",\"imagePurkinjePositionY\":\"10.770895\",\"imagePurkinjeQualityValue\":\"0.916667\",\"response\":{},\"caseId\":\"08a66760-2bdc-433a-a632-8f8242a3d740\",\"eye\":\"OD\",\"guid\":\"fc0ca365-f318-4211-b244-58ffaa2407ee\",\"status\":\"entered-in-error\"},{\"clonedPatientId\":\"\",\"imageContentType\":\"raw\",\"imageId\":\"0\",\"imageIndex\":\"1\",\"imageLimbusCenterX\":\"13.57719\",\"imageLimbusCenterY\":\"10.79257\",\"imageLimbusRadiusMajor\":\"7.128714\",\"imageLimbusRadiusMinor\":\"7.128714\",\"imageName\":\"0\",\"imagePixelsPerMillimeter\":\"47.551102\",\"imagePresignedUri\":\"\",\"imagePupilCenterX\":\"\",\"imagePupilCenterY\":\"\",\"imagePupilRadiusMajor\":\"\",\"imagePupilRadiusMinor\":\"\",\"imageRelativePath\":\"b4982eb7-433b-4def-9ecc-4b3ae2a456cf/pre-op-images/545b406a-b812-4d32-bb4e-e9153a00c094\",\"imageSource\":\"ReferenceUnit\",\"imageSourceKey\":\"\",\"importStatus\":\"import\",\"source\":\"ReferenceUnit\",\"imageValue\":\"\",\"imageSizeUnits\":\"pixels\",\"imageSizeWidth\":\"1280\",\"imageSizeHeight\":\"1024\",\"imageScaleUnits\":\"percent\",\"imageScaleValueX\":\"1\",\"imageScaleValueY\":\"1\",\"imageRotation\":\"0\",\"imageRotationUnits\":\"radians\",\"imageColorSpace\":\"BAYER8\",\"imageBayerPattern\":\"\",\"imageTypeName\":\"REFERENCE\",\"imageDataId\":\"0\",\"imageBufferSize\":\"1118544\",\"imageCompression\":\"b64huffman\",\"imagePurkinjePositionX\":\"13.565574\",\"imagePurkinjePositionY\":\"10.770895\",\"imagePurkinjeQualityValue\":\"0.916667\",\"response\":{},\"eye\":\"OD\",\"guid\":\"465a776d-2dcd-498f-bc61-79cd3e17644d\",\"status\":\"entered-in-error\"}],\"selectedImage\":\"0\",\"response\":{},\"caseId\":\"08a66760-2bdc-433a-a632-8f8242a3d740\",\"eye\":\"OD\",\"guid\":\"628bb508-419c-48c8-8d36-010705bfcc97\"},\"formula\":\"\",\"sessionIds\":[\"1\",\"0\",\"\"],\"surgeonCredentials\":{\"doctorId\":\"4c7b3529-30cc-4ac0-a26e-941f370f9590\",\"doctorOraSurgeonId\":\"111599\",\"oraId\":\"111599\",\"passwordHash\":\"\",\"userName\":\"SURGEON\"},\"eyeStatus\":\"Phakic\",\"planningDevice\":\"Planner\",\"dicomStudyId\":\"\",\"biometrySource\":\"\",\"biometryParentMeasurement\":\"\",\"biometryTechnician\":\"\",\"biometryTechnicianReference\":\"\",\"biometryTimeStamp\":\"\",\"imageSource\":\"\",\"imageParentMeasurement\":\"\",\"imageTechnician\":\"\",\"imageTechnicianReference\":\"\",\"imageTimeStamp\":\"\",\"importedDataNameList\":[\"measurementMode\",\"timeStamp\"],\"isDataUnTrackImported\":false,\"procedureRequestReference\":\"\",\"accessionId\":\"\",\"toricFormula\":\"\",\"response\":{},\"caseId\":\"08a66760-2bdc-433a-a632-8f8242a3d740\",\"eye\":\"OD\",\"guid\":\"b71b49e1-fbce-4cd4-bf3d-8970b43b7276\",\"lastUpdated\":\"2024-01-22T11:53:59+00:00\"}],\"visualAcuities\":[],\"response\":{},\"guid\":\"9f0a5818-2e75-4e31-a4d9-8757a06d3b28\"},\"intraOp\":{\"oraMeasurements\":[],\"surgeryProcedureStatus\":\"\",\"implantedLensFormula\":\"\",\"implantedLensBrand\":\"\",\"implantedLensModel\":\"\",\"implantedLensToricity\":\"\",\"implantedLensPower\":\"\",\"implantedLensImplementationAngle\":\"\",\"implantedLensPredictedRefraction\":\"\",\"oraImplantedLensFormula\":\"\",\"oraImplantedLensBrand\":\"\",\"oraImplantedLensModel\":\"\",\"oraImplantedLensToricity\":\"\",\"oraImplantedLensPower\":\"\",\"oraImplantedLensImplementationAngle\":\"\",\"oraImplantedLensPredictedRefraction\":\"\",\"dmmImplantedLensFormula\":\"\",\"dmmImplantedLensBrand\":\"\",\"dmmImplantedLensModel\":\"\",\"dmmImplantedLensToricity\":\"\",\"dmmImplantedLensPower\":\"\",\"dmmImplantedLensImplementationAngle\":\"\",\"dmmImplantedLensPredictedRefraction\":\"\",\"excludeFromOptimizations\":false,\"surgeryDate\":\"\",\"source\":\"\",\"plannedLensManufacturer\":\"\",\"plannedLensModel\":\"\",\"plannedLensPower\":\"\",\"plannedLensPredictedRefraction\":\"\",\"plannedLensToricity\":\"\",\"plannedLensImplementationAngle\":\"\",\"plannedLensFormula\":\"\",\"dhsAscPracticeId\":\"\",\"femtoValues\":[],\"isFromOra\":false,\"isFromGps\":false,\"response\":{},\"guid\":\"79b34f29-8d6b-4078-8fb5-47509da09bdf\",\"centrations\":[]},\"response\":{},\"guid\":\"566b892a-7103-47c1-b9fd-0ba78a12222b\"},\"tags\":[]},{\"carePlanResourceStatus\":\"In-Progress\",\"careTeamReferences\":[],\"careTeams\":[],\"caseName\":\"1\",\"excludeFromOptimizations\":false,\"notes\":[],\"procedureRequests\":[],\"status\":\"Measurement,Complete,Consultation,Incomplete,Planning,Complete,Intra-Op,In-Progress,Post-Op,Incomplete\",\"surgeryDate\":\"2023-08-07\",\"surgicalPlans\":[{\"carePlanDetails\":{\"applyHolladayToric\":false,\"femtosecondProcedures\":[],\"formula\":\"Holladay2\",\"lensLocation\":\"In Bag\",\"lensProcedure\":\"Std Phaco\",\"planName\":\"Imported\",\"plannedLensType\":\"Aspheric Monofocal\",\"targetRefraction\":\"0\"},\"caseId\":\"6f28b303-e0e8-4ccc-a39d-59e4e967ab44\",\"devices\":[],\"facility\":\"FormalFiveFourClinic\",\"facilityReference\":\"4ce36276-c7e4-489e-80a7-c82e7e3ed016\",\"imported\":true,\"planNotifications\":[],\"planStatusSelection\":\"draft\",\"surgeonPreferences\":{\"surgeonDefaultPreferences\":{\"measurements\":{\"biometricMeasurementMode\":\"\",\"defaultVertex\":\"12\",\"keratometerMode\":\"Diopter\",\"keratometerRefractiveIndex\":\"1.3375\"},\"planning\":{\"applyHolladayToric\":false,\"defaultFormula\":\"Holladay2\",\"defaultNomogram\":\"Alcon\",\"defaultTargetSeq\":\"0\",\"iolSeqResultsAwayFromRecommendation\":\"3\",\"residualCylinderWarningThreshold\":\"\",\"secondaryProcedures\":[],\"useBarrettTrueAL\":false,\"visualAcuityUnits\":\"Feet\"},\"surgery\":[{}],\"surgeryCenters\":[]},\"preferredLensConstants\":[],\"preferredLenses\":[],\"preferredLensOraIds\":[100110521],\"incisionPreferences\":[],\"treatmentPreferences\":{\"arcIncisionDepth\":\"\",\"arcIncisionDiameter\":\"\",\"arcConfiguration\":\"\",\"iolArcBlendFactorTable\":[{\"minAstigmatism\":\"0\",\"maxAstigmatism\":\"1.5\",\"targetBlendFactor\":\"1\"},{\"minAstigmatism\":\"1.5\",\"maxAstigmatism\":\"3\",\"targetBlendFactor\":\"1\"},{\"minAstigmatism\":\"3\",\"maxAstigmatism\":\"20\",\"targetBlendFactor\":\"1\"}]},\"siaPreferences\":{\"primaryIncisionPosition\":\"\"}},\"surgeonReference\":\"Practitioner/4b66eea7-f932-45d6-98be-208bd840c0d5\",\"surgeryDate\":\"2023-08-07T19:00:00+00:00\",\"procedureRequestReferences\":[],\"eye\":\"OS\",\"guid\":\"52047d44-1a82-4b3a-b9f5-9c8c862cd810\",\"lastUpdated\":\"2024-01-22T11:47:55+00:00\",\"measurementMasterSet\":{\"preOpSet\":{\"preOps\":[{\"accuracy\":\"\",\"lensState\":\"\",\"importStatus\":\"import\",\"measurementMode\":\"Optical\",\"source\":\"ArgosBiometer\",\"sourceId\":\"19060008\",\"timeStamp\":\"2023-08-07T17:46:33+00:00\",\"sourceVersion\":\"1.1.0.8\",\"selectedElevenBoxSet\":\"0\",\"biometry\":{\"accuracy\":\"\",\"measurementMode\":\"\",\"source\":\"ArgosBiometer\",\"sourceId\":\"19060008\",\"sourceVersion\":\"1.1.0.8\",\"importStatus\":\"import\",\"acd\":\"3.39302\",\"al\":\"23.793325\",\"lt\":\"2.524699\",\"wtw\":\"13.008775\",\"acdStd\":\"0.0084\",\"alStd\":\"0.008274\",\"ltStd\":\"0.024717\",\"wtwStd\":\"\",\"biometries\":[],\"index\":\"\",\"coMeasurementIndex\":\"\",\"importedDataNameList\":[\"source\",\"acd\",\"al\",\"lt\",\"wtw\"],\"isDataUnTrackImported\":true,\"isTrueAl\":true,\"imagePupil\":\"\",\"imagePx\":\"\",\"imagePy\":\"\",\"cct\":\"656.555725\",\"aqueousDepth\":\"2.736464275\",\"cctStd\":\"0.00355\",\"response\":{},\"caseId\":\"52047d44-1a82-4b3a-b9f5-9c8c862cd810\",\"eye\":\"OS\",\"guid\":\"e58544b0-3871-4fea-ac05-3f92ab2f13f6\",\"technician\":\"\",\"timeStamp\":\"2023-08-07T17:46:33+00:00\"},\"keratometry\":{\"accuracy\":\"\",\"measurementMode\":\"Phakic\",\"source\":\"ArgosBiometer\",\"sourceId\":\"19060008\",\"sourceVersion\":\"1.1.0.8\",\"importStatus\":\"import\",\"k1\":\"7.95028\",\"k2\":\"7.605342\",\"k1Std\":\"0.014827\",\"k2Std\":\"0.014512\",\"kUnits\":\"mm\",\"deviceRefractiveIndex\":\"1.3375\",\"steep\":\"100\",\"cyl\":\"\",\"steepStd\":\"0.709401\",\"cylStd\":\"\",\"keratometries\":[],\"index\":\"\",\"coMeasurementIndex\":\"\",\"axisOnlyMeasurementFlag\":false,\"accuracyTk\":\"\",\"importStatusTk\":\"\",\"sourceTk\":\"\",\"sourceIdTk\":\"\",\"sourceVersionTk\":\"\",\"k1Tk\":\"\",\"k2Tk\":\"\",\"k1StdTk\":\"\",\"k2StdTk\":\"\",\"kUnitsTk\":\"\",\"deviceRefractiveIndexTk\":\"\",\"steepTk\":\"\",\"timeStampTk\":\"\",\"technicianTk\":\"\",\"cylTk\":\"\",\"steepStdTk\":\"\",\"cylStdTk\":\"\",\"refractiveIndexAqueousHumorTk\":\"\",\"refractiveIndexCorneaTk\":\"\",\"k1Quality\":\"1\",\"k2Quality\":\"1\",\"k1VesselQuality\":\"-1\",\"k2VesselQuality\":\"-1\",\"k1CornealPowerQuality\":\"1.5\",\"k2CornealPowerQuality\":\"1.5\",\"k1QualityTk\":\"\",\"k2QualityTk\":\"\",\"k1VesselQualityTk\":\"\",\"k2VesselQualityTk\":\"\",\"k1CornealPowerQualityTk\":\"\",\"k2CornealPowerQualityTk\":\"\",\"importedAnteriorKeratometryDataNameList\":[\"source\",\"k1\",\"k2\",\"kUnits\",\"steep\"],\"importedPosteriorKeratometryDataNameList\":[],\"isAnteriorKeratometryDataUnTrackImported\":true,\"isPosteriorKeratometryDataUnTrackImported\":true,\"response\":{},\"importType\":\"gps\",\"caseId\":\"52047d44-1a82-4b3a-b9f5-9c8c862cd810\",\"eye\":\"OS\",\"guid\":\"6c953249-73c8-44ad-86d4-eb9ef90466e5\",\"technician\":\"\",\"timeStamp\":\"2023-08-07T17:46:33+00:00\"},\"imageSet\":{\"images\":[{\"clonedPatientId\":\"\",\"imageContentType\":\"png\",\"imageId\":\"0\",\"imageIndex\":\"0\",\"imageLimbusCenterX\":\"13.684387\",\"imageLimbusCenterY\":\"11.048626\",\"imageLimbusRadiusMajor\":\"6.504387\",\"imageLimbusRadiusMinor\":\"6.504387\",\"imageName\":\"0\",\"imagePixelsPerMillimeter\":\"46.328495\",\"imagePresignedUri\":\"\",\"imagePupilCenterX\":\"13.722049\",\"imagePupilCenterY\":\"11.02565\",\"imagePupilRadiusMajor\":\"1.552863\",\"imagePupilRadiusMinor\":\"1.446612\",\"imageRelativePath\":\"b4982eb7-433b-4def-9ecc-4b3ae2a456cf/pre-op-images/7c6eb10a-0e5b-4b1d-9f69-48fe295f0c06\",\"imageSource\":\"ArgosBiometer\",\"imageSourceKey\":\"\",\"importStatus\":\"import\",\"source\":\"ArgosBiometer\",\"imageValue\":\"\",\"imageSizeUnits\":\"pixels\",\"imageSizeWidth\":\"1280\",\"imageSizeHeight\":\"1024\",\"imageScaleUnits\":\"percent\",\"imageScaleValueX\":\"1\",\"imageScaleValueY\":\"1\",\"imageRotation\":\"0\",\"imageRotationUnits\":\"radians\",\"imageColorSpace\":\"RGB\",\"imageBayerPattern\":\"UndefinedBayerPattern\",\"imageTypeName\":\"REFERENCE\",\"imageDataId\":\"0\",\"imageBufferSize\":\"1602512\",\"imageCompression\":\"HDX\",\"imagePurkinjePositionX\":\"\",\"imagePurkinjePositionY\":\"\",\"imagePurkinjeQualityValue\":\"\",\"response\":{},\"caseId\":\"52047d44-1a82-4b3a-b9f5-9c8c862cd810\",\"eye\":\"OS\",\"guid\":\"57091710-f046-4a56-9259-6663ddf9a051\"},{\"clonedPatientId\":\"\",\"imageContentType\":\"raw\",\"imageId\":\"0\",\"imageIndex\":\"1\",\"imageLimbusCenterX\":\"13.684387\",\"imageLimbusCenterY\":\"11.048626\",\"imageLimbusRadiusMajor\":\"6.504387\",\"imageLimbusRadiusMinor\":\"6.504387\",\"imageName\":\"0\",\"imagePixelsPerMillimeter\":\"46.328495\",\"imagePresignedUri\":\"\",\"imagePupilCenterX\":\"13.722049\",\"imagePupilCenterY\":\"11.02565\",\"imagePupilRadiusMajor\":\"1.552863\",\"imagePupilRadiusMinor\":\"1.446612\",\"imageRelativePath\":\"b4982eb7-433b-4def-9ecc-4b3ae2a456cf/pre-op-images/f2bc70c7-48a6-4b6b-8218-6b5361814b19\",\"imageSource\":\"ArgosBiometer\",\"imageSourceKey\":\"\",\"importStatus\":\"import\",\"source\":\"ArgosBiometer\",\"imageValue\":\"\",\"imageSizeUnits\":\"pixels\",\"imageSizeWidth\":\"1280\",\"imageSizeHeight\":\"1024\",\"imageScaleUnits\":\"percent\",\"imageScaleValueX\":\"1\",\"imageScaleValueY\":\"1\",\"imageRotation\":\"0\",\"imageRotationUnits\":\"radians\",\"imageColorSpace\":\"RGB\",\"imageBayerPattern\":\"UndefinedBayerPattern\",\"imageTypeName\":\"REFERENCE\",\"imageDataId\":\"0\",\"imageBufferSize\":\"1602512\",\"imageCompression\":\"HDX\",\"imagePurkinjePositionX\":\"\",\"imagePurkinjePositionY\":\"\",\"imagePurkinjeQualityValue\":\"\",\"response\":{},\"eye\":\"OS\",\"guid\":\"1dacf3a3-f123-4a52-9749-9c5d174c70a2\"},{\"clonedPatientId\":\"\",\"imageContentType\":\"application/octet-stream\",\"imageId\":\"0\",\"imageIndex\":\"2\",\"imageLimbusCenterX\":\"0\",\"imageLimbusCenterY\":\"0\",\"imageLimbusRadiusMajor\":\"0\",\"imageLimbusRadiusMinor\":\"0\",\"imageName\":\"OU-CHECK-TEST.gps\",\"imagePixelsPerMillimeter\":\"0\",\"imagePresignedUri\":\"\",\"imagePupilCenterX\":\"0\",\"imagePupilCenterY\":\"0\",\"imagePupilRadiusMajor\":\"0\",\"imagePupilRadiusMinor\":\"0\",\"imageRelativePath\":\"b4982eb7-433b-4def-9ecc-4b3ae2a456cf/pre-op-images/OU-CHECK-TEST.gps\",\"imageSource\":\"FileManagement\",\"imageSourceKey\":\"0334533e-dfb4-4c3f-9143-59462eb52938\",\"importStatus\":\"import\",\"source\":\"\",\"imageValue\":\"approved\",\"imageSizeUnits\":\"\",\"imageSizeWidth\":\"\",\"imageSizeHeight\":\"\",\"imageScaleUnits\":\"\",\"imageScaleValueX\":\"\",\"imageScaleValueY\":\"\",\"imageRotation\":\"\",\"imageRotationUnits\":\"\",\"imageColorSpace\":\"\",\"imageBayerPattern\":\"\",\"imageTypeName\":\"GPS\",\"imageDataId\":\"\",\"imageBufferSize\":\"\",\"imageCompression\":\"\",\"imagePurkinjePositionX\":\"\",\"imagePurkinjePositionY\":\"\",\"imagePurkinjeQualityValue\":\"\",\"response\":{},\"caseId\":\"6f28b303-e0e8-4ccc-a39d-59e4e967ab44\",\"eye\":\"OS\",\"guid\":\"8283b096-c7c9-4fa6-8a8f-9ffce732838b\",\"status\":\"FINAL\"}],\"selectedImage\":\"0\",\"response\":{},\"caseId\":\"52047d44-1a82-4b3a-b9f5-9c8c862cd810\",\"eye\":\"OS\",\"guid\":\"ba62ddb4-1b7a-4ae7-b9d0-f25e84d17987\"},\"incisionsAndArcs\":{\"arculateIncisionMethod\":\"No Arcs\",\"createdBySelection\":\"\",\"depthPercent\":\"85\",\"depth\":\"\",\"depthUnits\":\"\",\"pachymetry\":\"\",\"diameterMm\":\"8\",\"incision2\":\"1.8\",\"incision2Degree\":\"259\",\"incision3\":\"1.8\",\"incision3Degree\":\"359\",\"nomogramSelection\":\"Alcon\",\"primaryIncision\":\"1.8\",\"primaryIncisionDegree\":\"159\",\"opticalZone\":\"\",\"laserFactor\":\"\",\"response\":{},\"caseId\":\"52047d44-1a82-4b3a-b9f5-9c8c862cd810\",\"eye\":\"OS\",\"guid\":\"2594cd44-e361-4c12-98d6-dd73e71ca554\",\"arc1AtDegree\":\"\",\"arc1Degree\":\"\",\"arc2AtDegree\":\"\",\"arc2Degree\":\"\"},\"elevenBoxSets\":[{\"setIndex\":\"0\",\"entrySelected\":\"0\",\"lensType\":\"\",\"elevenBoxEntries\":[{\"lensName\":\"ACU0T0\",\"entryIndex\":\"0\",\"toricity\":\"0.0820837819990586\",\"iolSeq\":\"20\",\"iolSeqUnits\":\"D\",\"predictedSph\":\"-0.94474740175056\",\"predictedSphUnits\":\"D\",\"predictedCyl\":\"2.05366236749924\",\"predictedCylUnits\":\"D\",\"predictedAxis\":\"96\",\"predictedSia\":\"0.3\",\"predictedSiaUnits\":\"D\",\"postSiaK1\":\"42.3724594876492\",\"postSiaK1Units\":\"\",\"postSiaK2\":\"44.4555781458258\",\"postSiaK2Units\":\"\",\"postSiaSteep\":\"96\",\"postSiaCyl\":\"\",\"postOpK1\":\"42.3724594876492\",\"postOpK1Units\":\"\",\"postOpK2\":\"44.4555781458258\",\"postOpK2Units\":\"\",\"postOpSteep\":\"96\",\"postOpCyl\":\"\",\"cylPower\":\"0\",\"arc1Width\":\"\",\"arc1Position\":\"\",\"arc2Width\":\"\",\"arc2Position\":\"\",\"response\":{},\"caseId\":\"52047d44-1a82-4b3a-b9f5-9c8c862cd810\",\"eye\":\"OS\",\"guid\":\"16b87082-23f9-4fa0-9643-9d1d2e48d99f\",\"status\":\"recommended\"}],\"response\":{},\"caseId\":\"52047d44-1a82-4b3a-b9f5-9c8c862cd810\",\"eye\":\"OS\",\"guid\":\"a7ba68d0-e07e-45c1-95bd-33e8dcd02313\"}],\"formula\":\"\",\"sessionIds\":[\"0\"],\"biometrySource\":\"\",\"biometryParentMeasurement\":\"\",\"biometryTechnician\":\"\",\"biometryTechnicianReference\":\"\",\"biometryTimeStamp\":\"\",\"imageSource\":\"\",\"imageParentMeasurement\":\"\",\"imageTechnician\":\"\",\"imageTechnicianReference\":\"\",\"imageTimeStamp\":\"\",\"importedDataNameList\":[\"measurementMode\",\"timeStamp\"],\"isDataUnTrackImported\":true,\"procedureRequestReference\":\"\",\"accessionId\":\"\",\"toricFormula\":\"\",\"response\":{},\"caseId\":\"52047d44-1a82-4b3a-b9f5-9c8c862cd810\",\"eye\":\"OS\",\"guid\":\"8aa8b269-f626-4696-903c-ad0ea514a5e9\"}],\"visualAcuities\":[],\"response\":{},\"guid\":\"47e49d6b-53e1-4430-8fa5-4411122fa06c\"},\"response\":{},\"guid\":\"e9141719-90f7-4b97-b1e3-bf6fa108c188\"},\"surgeryType\":\"Cataract Removal (with IOL - in Bag)\",\"tags\":[]},{\"carePlanDetails\":{\"applyHolladayToric\":false,\"femtosecondProcedures\":[],\"formula\":\"Holladay2\",\"lensLocation\":\"In Bag\",\"lensProcedure\":\"Std Phaco\",\"planName\":\"Imported\",\"plannedLensType\":\"Aspheric Monofocal\",\"targetRefraction\":\"0\"},\"caseId\":\"6f28b303-e0e8-4ccc-a39d-59e4e967ab44\",\"devices\":[],\"facility\":\"FormalFiveFourClinic\",\"facilityReference\":\"4ce36276-c7e4-489e-80a7-c82e7e3ed016\",\"imported\":true,\"planNotifications\":[],\"planStatusSelection\":\"approved\",\"surgeonPreferences\":{\"surgeonDefaultPreferences\":{\"measurements\":{\"biometricMeasurementMode\":\"\",\"defaultVertex\":\"12\",\"keratometerMode\":\"Diopter\",\"keratometerRefractiveIndex\":\"1.3375\"},\"planning\":{\"applyHolladayToric\":false,\"defaultFormula\":\"Holladay2\",\"defaultNomogram\":\"Alcon\",\"defaultTargetSeq\":\"0\",\"iolSeqResultsAwayFromRecommendation\":\"3\",\"residualCylinderWarningThreshold\":\"\",\"secondaryProcedures\":[],\"useBarrettTrueAL\":false,\"visualAcuityUnits\":\"Feet\"},\"surgery\":[{}],\"surgeryCenters\":[]},\"preferredLensConstants\":[],\"preferredLenses\":[],\"preferredLensOraIds\":[100110516],\"incisionPreferences\":[],\"treatmentPreferences\":{\"arcIncisionDepth\":\"\",\"arcIncisionDiameter\":\"\",\"arcConfiguration\":\"\",\"iolArcBlendFactorTable\":[{\"minAstigmatism\":\"0\",\"maxAstigmatism\":\"1.5\",\"targetBlendFactor\":\"1\"},{\"minAstigmatism\":\"1.5\",\"maxAstigmatism\":\"3\",\"targetBlendFactor\":\"1\"},{\"minAstigmatism\":\"3\",\"maxAstigmatism\":\"20\",\"targetBlendFactor\":\"1\"}]},\"siaPreferences\":{\"primaryIncisionPosition\":\"\"}},\"surgeonReference\":\"Practitioner/4b66eea7-f932-45d6-98be-208bd840c0d5\",\"surgeryDate\":\"2023-08-07T19:00:00+00:00\",\"procedureRequestReferences\":[],\"eye\":\"OS\",\"guid\":\"9eb85622-45f1-4448-ac66-b7662c595047\",\"lastUpdated\":\"2024-01-22T11:54:46+00:00\",\"measurementMasterSet\":{\"preOpSet\":{\"preOps\":[{\"accuracy\":\"\",\"lensState\":\"\",\"importStatus\":\"import\",\"measurementMode\":\"Optical\",\"source\":\"ArgosBiometer\",\"sourceId\":\"19060008\",\"timeStamp\":\"2023-08-07T19:19:40+00:00\",\"sourceVersion\":\"1.1.0.8\",\"selectedElevenBoxSet\":\"0\",\"biometry\":{\"accuracy\":\"\",\"measurementMode\":\"\",\"source\":\"ArgosBiometer\",\"sourceId\":\"19060008\",\"sourceVersion\":\"1.1.0.8\",\"importStatus\":\"import\",\"acd\":\"3.386051\",\"al\":\"23.791067\",\"lt\":\"2.527254\",\"wtw\":\"12.999899\",\"acdStd\":\"0.007271\",\"alStd\":\"0.011613\",\"ltStd\":\"0.02058\",\"wtwStd\":\"\",\"biometries\":[],\"index\":\"\",\"coMeasurementIndex\":\"\",\"importedDataNameList\":[\"source\",\"acd\",\"al\",\"lt\",\"wtw\"],\"isDataUnTrackImported\":true,\"isTrueAl\":true,\"imagePupil\":\"\",\"imagePx\":\"\",\"imagePy\":\"\",\"cct\":\"651.442932\",\"aqueousDepth\":\"2.734608068\",\"cctStd\":\"0.002595\",\"response\":{},\"caseId\":\"9eb85622-45f1-4448-ac66-b7662c595047\",\"eye\":\"OS\",\"guid\":\"dd3ebb0d-8095-432c-aaca-9978f8b2183f\",\"technician\":\"\",\"timeStamp\":\"2023-08-07T19:19:40+00:00\"},\"keratometry\":{\"accuracy\":\"\",\"measurementMode\":\"Phakic\",\"source\":\"ArgosBiometer\",\"sourceId\":\"19060008\",\"sourceVersion\":\"1.1.0.8\",\"importStatus\":\"import\",\"k1\":\"7.95898\",\"k2\":\"7.618917\",\"k1Std\":\"0.002425\",\"k2Std\":\"0.003439\",\"kUnits\":\"mm\",\"deviceRefractiveIndex\":\"1.3375\",\"steep\":\"102\",\"cyl\":\"\",\"steepStd\":\"0.301798\",\"cylStd\":\"\",\"keratometries\":[],\"index\":\"\",\"coMeasurementIndex\":\"\",\"axisOnlyMeasurementFlag\":false,\"accuracyTk\":\"\",\"importStatusTk\":\"\",\"sourceTk\":\"\",\"sourceIdTk\":\"\",\"sourceVersionTk\":\"\",\"k1Tk\":\"\",\"k2Tk\":\"\",\"k1StdTk\":\"\",\"k2StdTk\":\"\",\"kUnitsTk\":\"\",\"deviceRefractiveIndexTk\":\"\",\"steepTk\":\"\",\"timeStampTk\":\"\",\"technicianTk\":\"\",\"cylTk\":\"\",\"steepStdTk\":\"\",\"cylStdTk\":\"\",\"refractiveIndexAqueousHumorTk\":\"\",\"refractiveIndexCorneaTk\":\"\",\"k1Quality\":\"1\",\"k2Quality\":\"1\",\"k1VesselQuality\":\"-1\",\"k2VesselQuality\":\"-1\",\"k1CornealPowerQuality\":\"1.5\",\"k2CornealPowerQuality\":\"1.5\",\"k1QualityTk\":\"\",\"k2QualityTk\":\"\",\"k1VesselQualityTk\":\"\",\"k2VesselQualityTk\":\"\",\"k1CornealPowerQualityTk\":\"\",\"k2CornealPowerQualityTk\":\"\",\"importedAnteriorKeratometryDataNameList\":[\"source\",\"k1\",\"k2\",\"kUnits\",\"steep\"],\"importedPosteriorKeratometryDataNameList\":[],\"isAnteriorKeratometryDataUnTrackImported\":true,\"isPosteriorKeratometryDataUnTrackImported\":true,\"response\":{},\"importType\":\"gps\",\"caseId\":\"9eb85622-45f1-4448-ac66-b7662c595047\",\"eye\":\"OS\",\"guid\":\"bff07cff-e528-4fd1-a5e8-39ce32503469\",\"technician\":\"\",\"timeStamp\":\"2023-08-07T19:19:40+00:00\"},\"imageSet\":{\"images\":[{\"clonedPatientId\":\"\",\"imageContentType\":\"png\",\"imageId\":\"0\",\"imageIndex\":\"0\",\"imageLimbusCenterX\":\"13.754736\",\"imageLimbusCenterY\":\"10.90342\",\"imageLimbusRadiusMajor\":\"6.499949\",\"imageLimbusRadiusMinor\":\"6.499949\",\"imageName\":\"0\",\"imagePixelsPerMillimeter\":\"46.328495\",\"imagePresignedUri\":\"\",\"imagePupilCenterX\":\"13.813376\",\"imagePupilCenterY\":\"10.870266\",\"imagePupilRadiusMajor\":\"1.5975\",\"imagePupilRadiusMinor\":\"1.483374\",\"imageRelativePath\":\"b4982eb7-433b-4def-9ecc-4b3ae2a456cf/pre-op-images/41168ffb-abb7-4d35-8339-ad94eac50211\",\"imageSource\":\"ArgosBiometer\",\"imageSourceKey\":\"\",\"importStatus\":\"import\",\"source\":\"ArgosBiometer\",\"imageValue\":\"\",\"imageSizeUnits\":\"pixels\",\"imageSizeWidth\":\"1280\",\"imageSizeHeight\":\"1024\",\"imageScaleUnits\":\"percent\",\"imageScaleValueX\":\"1\",\"imageScaleValueY\":\"1\",\"imageRotation\":\"0\",\"imageRotationUnits\":\"radians\",\"imageColorSpace\":\"RGB\",\"imageBayerPattern\":\"UndefinedBayerPattern\",\"imageTypeName\":\"REFERENCE\",\"imageDataId\":\"0\",\"imageBufferSize\":\"1603580\",\"imageCompression\":\"HDX\",\"imagePurkinjePositionX\":\"\",\"imagePurkinjePositionY\":\"\",\"imagePurkinjeQualityValue\":\"\",\"response\":{},\"caseId\":\"9eb85622-45f1-4448-ac66-b7662c595047\",\"eye\":\"OS\",\"guid\":\"214563d5-7fb4-4f93-abf2-a624c9378570\"},{\"clonedPatientId\":\"\",\"imageContentType\":\"raw\",\"imageId\":\"0\",\"imageIndex\":\"1\",\"imageLimbusCenterX\":\"13.754736\",\"imageLimbusCenterY\":\"10.90342\",\"imageLimbusRadiusMajor\":\"6.499949\",\"imageLimbusRadiusMinor\":\"6.499949\",\"imageName\":\"0\",\"imagePixelsPerMillimeter\":\"46.328495\",\"imagePresignedUri\":\"\",\"imagePupilCenterX\":\"13.813376\",\"imagePupilCenterY\":\"10.870266\",\"imagePupilRadiusMajor\":\"1.5975\",\"imagePupilRadiusMinor\":\"1.483374\",\"imageRelativePath\":\"b4982eb7-433b-4def-9ecc-4b3ae2a456cf/pre-op-images/df9631f9-bf8b-4e42-8879-7ce62641538b\",\"imageSource\":\"ArgosBiometer\",\"imageSourceKey\":\"\",\"importStatus\":\"import\",\"source\":\"ArgosBiometer\",\"imageValue\":\"\",\"imageSizeUnits\":\"pixels\",\"imageSizeWidth\":\"1280\",\"imageSizeHeight\":\"1024\",\"imageScaleUnits\":\"percent\",\"imageScaleValueX\":\"1\",\"imageScaleValueY\":\"1\",\"imageRotation\":\"0\",\"imageRotationUnits\":\"radians\",\"imageColorSpace\":\"RGB\",\"imageBayerPattern\":\"UndefinedBayerPattern\",\"imageTypeName\":\"REFERENCE\",\"imageDataId\":\"0\",\"imageBufferSize\":\"1603580\",\"imageCompression\":\"HDX\",\"imagePurkinjePositionX\":\"\",\"imagePurkinjePositionY\":\"\",\"imagePurkinjeQualityValue\":\"\",\"response\":{},\"eye\":\"OS\",\"guid\":\"1d21f208-f2c4-42ce-a617-b32c16b6357a\"},{\"clonedPatientId\":\"\",\"imageContentType\":\"application/octet-stream\",\"imageId\":\"0\",\"imageIndex\":\"2\",\"imageLimbusCenterX\":\"0\",\"imageLimbusCenterY\":\"0\",\"imageLimbusRadiusMajor\":\"0\",\"imageLimbusRadiusMinor\":\"0\",\"imageName\":\"OU-CHECK-TEST.gps\",\"imagePixelsPerMillimeter\":\"0\",\"imagePresignedUri\":\"\",\"imagePupilCenterX\":\"0\",\"imagePupilCenterY\":\"0\",\"imagePupilRadiusMajor\":\"0\",\"imagePupilRadiusMinor\":\"0\",\"imageRelativePath\":\"b4982eb7-433b-4def-9ecc-4b3ae2a456cf/pre-op-images/OU-CHECK-TEST.gps\",\"imageSource\":\"FileManagement\",\"imageSourceKey\":\"0334533e-dfb4-4c3f-9143-59462eb52938\",\"importStatus\":\"import\",\"source\":\"\",\"imageValue\":\"approved\",\"imageSizeUnits\":\"\",\"imageSizeWidth\":\"\",\"imageSizeHeight\":\"\",\"imageScaleUnits\":\"\",\"imageScaleValueX\":\"\",\"imageScaleValueY\":\"\",\"imageRotation\":\"\",\"imageRotationUnits\":\"\",\"imageColorSpace\":\"\",\"imageBayerPattern\":\"\",\"imageTypeName\":\"GPS\",\"imageDataId\":\"\",\"imageBufferSize\":\"\",\"imageCompression\":\"\",\"imagePurkinjePositionX\":\"\",\"imagePurkinjePositionY\":\"\",\"imagePurkinjeQualityValue\":\"\",\"response\":{},\"caseId\":\"6f28b303-e0e8-4ccc-a39d-59e4e967ab44\",\"eye\":\"OS\",\"guid\":\"98ece0dd-b566-4893-b76f-c38b7dd8dd82\",\"status\":\"FINAL\"}],\"selectedImage\":\"0\",\"response\":{},\"caseId\":\"9eb85622-45f1-4448-ac66-b7662c595047\",\"eye\":\"OS\",\"guid\":\"bd6da22e-f1f3-4021-8d03-79fea7c28318\"},\"incisionsAndArcs\":{\"arculateIncisionMethod\":\"No Arcs\",\"createdBySelection\":\"\",\"depthPercent\":\"85\",\"depth\":\"\",\"depthUnits\":\"\",\"pachymetry\":\"\",\"diameterMm\":\"8\",\"incision2\":\"1.8\",\"incision2Degree\":\"259\",\"incision3\":\"1.8\",\"incision3Degree\":\"359\",\"nomogramSelection\":\"Alcon\",\"primaryIncision\":\"1.8\",\"primaryIncisionDegree\":\"159\",\"opticalZone\":\"\",\"laserFactor\":\"\",\"response\":{},\"caseId\":\"9eb85622-45f1-4448-ac66-b7662c595047\",\"eye\":\"OS\",\"guid\":\"a68c94c1-a716-44b0-b952-06f9ccf051de\",\"arc1AtDegree\":\"\",\"arc1Degree\":\"\",\"arc2AtDegree\":\"\",\"arc2Degree\":\"\"},\"elevenBoxSets\":[{\"setIndex\":\"0\",\"entrySelected\":\"0\",\"lensType\":\"\",\"elevenBoxEntries\":[{\"lensName\":\"CNA0T0\",\"entryIndex\":\"0\",\"toricity\":\"-0.126104447141301\",\"iolSeq\":\"20.5\",\"iolSeqUnits\":\"D\",\"predictedSph\":\"-1.13338078951794\",\"predictedSphUnits\":\"D\",\"predictedCyl\":\"2.01455268475328\",\"predictedCylUnits\":\"D\",\"predictedAxis\":\"98\",\"predictedSia\":\"0.3\",\"predictedSiaUnits\":\"D\",\"postSiaK1\":\"42.3346432669897\",\"postSiaK1Units\":\"\",\"postSiaK2\":\"44.3679224457452\",\"postSiaK2Units\":\"\",\"postSiaSteep\":\"98\",\"postSiaCyl\":\"\",\"postOpK1\":\"42.3346432669897\",\"postOpK1Units\":\"\",\"postOpK2\":\"44.3679224457452\",\"postOpK2Units\":\"\",\"postOpSteep\":\"98\",\"postOpCyl\":\"\",\"cylPower\":\"0\",\"arc1Width\":\"\",\"arc1Position\":\"\",\"arc2Width\":\"\",\"arc2Position\":\"\",\"response\":{},\"caseId\":\"9eb85622-45f1-4448-ac66-b7662c595047\",\"eye\":\"OS\",\"guid\":\"1c285034-69b4-4b92-9727-6e939db0d2f2\",\"status\":\"recommended\"}],\"response\":{},\"caseId\":\"9eb85622-45f1-4448-ac66-b7662c595047\",\"eye\":\"OS\",\"guid\":\"8a1c5d3b-5bf6-4151-a806-2033356667b2\"}],\"formula\":\"\",\"sessionIds\":[\"0\"],\"biometrySource\":\"\",\"biometryParentMeasurement\":\"\",\"biometryTechnician\":\"\",\"biometryTechnicianReference\":\"\",\"biometryTimeStamp\":\"\",\"imageSource\":\"\",\"imageParentMeasurement\":\"\",\"imageTechnician\":\"\",\"imageTechnicianReference\":\"\",\"imageTimeStamp\":\"\",\"importedDataNameList\":[\"measurementMode\",\"timeStamp\"],\"isDataUnTrackImported\":true,\"procedureRequestReference\":\"\",\"accessionId\":\"\",\"toricFormula\":\"\",\"response\":{},\"caseId\":\"9eb85622-45f1-4448-ac66-b7662c595047\",\"eye\":\"OS\",\"guid\":\"ad6b8137-b38f-4d0e-bd7a-44628d0e3163\"}],\"visualAcuities\":[],\"response\":{},\"guid\":\"966754e6-0d23-4d0e-b54f-bd0b533c1080\"},\"response\":{},\"guid\":\"0f6804cc-53a4-47bd-845f-53866b6f6fb6\"},\"surgeryType\":\"Cataract Removal (with IOL - in Bag)\",\"tags\":[]}],\"surgicalPlanGuids\":[\"52047d44-1a82-4b3a-b9f5-9c8c862cd810\",\"9eb85622-45f1-4448-ac66-b7662c595047\"],\"eye\":\"OS\",\"guid\":\"6f28b303-e0e8-4ccc-a39d-59e4e967ab44\",\"lastUpdated\":\"2024-01-22T11:47:55+00:00\",\"measurementMasterSet\":{\"preOpSet\":{\"preOps\":[],\"visualAcuities\":[],\"response\":{},\"guid\":\"f2b82f43-8e4b-42ab-8e3d-70e8d9280a1e\"},\"intraOp\":{\"oraMeasurements\":[],\"surgeryProcedureStatus\":\"Surgery Scheduled\",\"implantedLensFormula\":\"\",\"implantedLensBrand\":\"\",\"implantedLensModel\":\"\",\"implantedLensToricity\":\"\",\"implantedLensPower\":\"\",\"implantedLensImplementationAngle\":\"\",\"implantedLensPredictedRefraction\":\"\",\"oraImplantedLensFormula\":\"\",\"oraImplantedLensBrand\":\"\",\"oraImplantedLensModel\":\"\",\"oraImplantedLensToricity\":\"\",\"oraImplantedLensPower\":\"\",\"oraImplantedLensImplementationAngle\":\"\",\"oraImplantedLensPredictedRefraction\":\"\",\"dmmImplantedLensFormula\":\"\",\"dmmImplantedLensBrand\":\"\",\"dmmImplantedLensModel\":\"\",\"dmmImplantedLensToricity\":\"\",\"dmmImplantedLensPower\":\"\",\"dmmImplantedLensImplementationAngle\":\"\",\"dmmImplantedLensPredictedRefraction\":\"\",\"excludeFromOptimizations\":false,\"surgeryDate\":\"\",\"source\":\"\",\"plannedLensManufacturer\":\"\",\"plannedLensModel\":\"\",\"plannedLensPower\":\"\",\"plannedLensPredictedRefraction\":\"\",\"plannedLensToricity\":\"\",\"plannedLensImplementationAngle\":\"\",\"plannedLensFormula\":\"\",\"dhsAscPracticeId\":\"\",\"femtoValues\":[],\"isFromOra\":false,\"isFromGps\":false,\"response\":{},\"guid\":\"dc7de29e-abef-40e6-a613-87a0b567c08f\",\"centrations\":[]},\"postOpSet\":{\"postOps\":[],\"response\":{},\"guid\":\"f84976d9-db7b-49df-883f-5e4292a6dde2\"},\"response\":{},\"guid\":\"eb1f8653-1a98-464f-9502-ac08f9fc7675\",\"lastUpdated\":\"2024-01-22T11:47:55+00:00\"},\"tags\":[\"no-post-op-exams\",\"no-ten-day-post-op-exam\",\"has-approved-plan\"]},{\"carePlanResourceStatus\":\"In-Progress\",\"careTeamReferences\":[],\"careTeams\":[],\"caseName\":\"2\",\"excludeFromOptimizations\":false,\"notes\":[],\"procedureRequests\":[],\"status\":\"Measurement,Complete,Consultation,Incomplete,Planning,Complete,Intra-Op,In-Progress,Post-Op,Incomplete\",\"surgeryDate\":\"\",\"surgicalPlans\":[{\"carePlanDetails\":{\"applyHolladayToric\":false,\"femtosecondProcedures\":[],\"formula\":\"Holladay2\",\"lensLocation\":\"In Bag\",\"lensProcedure\":\"Std Phaco\",\"planName\":\"Imported\",\"plannedLensType\":\"Aspheric Monofocal\",\"targetRefraction\":\"0\"},\"caseId\":\"bad86fd4-35a5-458d-9776-10370bbed597\",\"devices\":[],\"facility\":\"FormalFiveFourClinic\",\"facilityReference\":\"4ce36276-c7e4-489e-80a7-c82e7e3ed016\",\"imported\":true,\"planNotifications\":[],\"planStatusSelection\":\"draft\",\"surgeonPreferences\":{\"surgeonDefaultPreferences\":{\"measurements\":{\"biometricMeasurementMode\":\"\",\"defaultVertex\":\"12\",\"keratometerMode\":\"Diopter\",\"keratometerRefractiveIndex\":\"1.3375\"},\"planning\":{\"applyHolladayToric\":false,\"defaultFormula\":\"Holladay2\",\"defaultNomogram\":\"Alcon\",\"defaultTargetSeq\":\"0\",\"iolSeqResultsAwayFromRecommendation\":\"3\",\"residualCylinderWarningThreshold\":\"\",\"secondaryProcedures\":[],\"useBarrettTrueAL\":false,\"visualAcuityUnits\":\"Feet\"},\"surgery\":[{}],\"surgeryCenters\":[]},\"preferredLensConstants\":[],\"preferredLenses\":[],\"preferredLensOraIds\":[100110516],\"incisionPreferences\":[],\"treatmentPreferences\":{\"arcIncisionDepth\":\"\",\"arcIncisionDiameter\":\"\",\"arcConfiguration\":\"\",\"iolArcBlendFactorTable\":[{\"minAstigmatism\":\"0\",\"maxAstigmatism\":\"1.5\",\"targetBlendFactor\":\"1\"},{\"minAstigmatism\":\"1.5\",\"maxAstigmatism\":\"3\",\"targetBlendFactor\":\"1\"},{\"minAstigmatism\":\"3\",\"maxAstigmatism\":\"20\",\"targetBlendFactor\":\"1\"}]},\"siaPreferences\":{\"primaryIncisionPosition\":\"\"}},\"surgeonReference\":\"Practitioner/4b66eea7-f932-45d6-98be-208bd840c0d5\",\"surgeryDate\":\"2023-08-07T19:00:00+00:00\",\"procedureRequestReferences\":[],\"eye\":\"OD\",\"guid\":\"e1d3f8ad-d91b-4816-a0da-528a4eda0be0\",\"lastUpdated\":\"2024-01-22T11:50:16+00:00\",\"measurementMasterSet\":{\"preOpSet\":{\"preOps\":[{\"accuracy\":\"\",\"lensState\":\"\",\"importStatus\":\"import\",\"measurementMode\":\"Optical\",\"source\":\"ArgosBiometer\",\"sourceId\":\"19060008\",\"timeStamp\":\"2023-08-07T17:46:33+00:00\",\"sourceVersion\":\"1.1.0.8\",\"selectedElevenBoxSet\":\"0\",\"biometry\":{\"accuracy\":\"\",\"measurementMode\":\"\",\"source\":\"ArgosBiometer\",\"sourceId\":\"19060008\",\"sourceVersion\":\"1.1.0.8\",\"importStatus\":\"import\",\"acd\":\"3.39189\",\"al\":\"23.81036\",\"lt\":\"2.527765\",\"wtw\":\"12.986394\",\"acdStd\":\"0.006898\",\"alStd\":\"0.01523\",\"ltStd\":\"0.0221\",\"wtwStd\":\"\",\"biometries\":[],\"index\":\"\",\"coMeasurementIndex\":\"\",\"importedDataNameList\":[\"source\",\"acd\",\"al\",\"lt\",\"wtw\"],\"isDataUnTrackImported\":true,\"isTrueAl\":true,\"imagePupil\":\"\",\"imagePx\":\"\",\"imagePy\":\"\",\"cct\":\"656.468262\",\"aqueousDepth\":\"2.7354217380000003\",\"cctStd\":\"0.002618\",\"response\":{},\"caseId\":\"e1d3f8ad-d91b-4816-a0da-528a4eda0be0\",\"eye\":\"OD\",\"guid\":\"a52760f9-3fbc-4504-b1a2-3680560f0eb1\",\"technician\":\"\",\"timeStamp\":\"2023-08-07T17:46:33+00:00\"},\"keratometry\":{\"accuracy\":\"\",\"measurementMode\":\"Phakic\",\"source\":\"ArgosBiometer\",\"sourceId\":\"19060008\",\"sourceVersion\":\"1.1.0.8\",\"importStatus\":\"import\",\"k1\":\"7.950249\",\"k2\":\"7.615484\",\"k1Std\":\"0.007379\",\"k2Std\":\"0.005048\",\"kUnits\":\"mm\",\"deviceRefractiveIndex\":\"1.3375\",\"steep\":\"99\",\"cyl\":\"\",\"steepStd\":\"1.022174\",\"cylStd\":\"\",\"keratometries\":[],\"index\":\"\",\"coMeasurementIndex\":\"\",\"axisOnlyMeasurementFlag\":false,\"accuracyTk\":\"\",\"importStatusTk\":\"\",\"sourceTk\":\"\",\"sourceIdTk\":\"\",\"sourceVersionTk\":\"\",\"k1Tk\":\"\",\"k2Tk\":\"\",\"k1StdTk\":\"\",\"k2StdTk\":\"\",\"kUnitsTk\":\"\",\"deviceRefractiveIndexTk\":\"\",\"steepTk\":\"\",\"timeStampTk\":\"\",\"technicianTk\":\"\",\"cylTk\":\"\",\"steepStdTk\":\"\",\"cylStdTk\":\"\",\"refractiveIndexAqueousHumorTk\":\"\",\"refractiveIndexCorneaTk\":\"\",\"k1Quality\":\"1\",\"k2Quality\":\"1\",\"k1VesselQuality\":\"-1\",\"k2VesselQuality\":\"-1\",\"k1CornealPowerQuality\":\"1.5\",\"k2CornealPowerQuality\":\"1.5\",\"k1QualityTk\":\"\",\"k2QualityTk\":\"\",\"k1VesselQualityTk\":\"\",\"k2VesselQualityTk\":\"\",\"k1CornealPowerQualityTk\":\"\",\"k2CornealPowerQualityTk\":\"\",\"importedAnteriorKeratometryDataNameList\":[\"source\",\"k1\",\"k2\",\"kUnits\",\"steep\"],\"importedPosteriorKeratometryDataNameList\":[],\"isAnteriorKeratometryDataUnTrackImported\":true,\"isPosteriorKeratometryDataUnTrackImported\":true,\"response\":{},\"importType\":\"gps\",\"caseId\":\"e1d3f8ad-d91b-4816-a0da-528a4eda0be0\",\"eye\":\"OD\",\"guid\":\"cb84697b-3613-47d2-86ce-ff53070da60a\",\"technician\":\"\",\"timeStamp\":\"2023-08-07T17:46:33+00:00\"},\"imageSet\":{\"images\":[{\"clonedPatientId\":\"\",\"imageContentType\":\"png\",\"imageId\":\"0\",\"imageIndex\":\"0\",\"imageLimbusCenterX\":\"13.872275\",\"imageLimbusCenterY\":\"11.021814\",\"imageLimbusRadiusMajor\":\"6.493197\",\"imageLimbusRadiusMinor\":\"6.493197\",\"imageName\":\"0\",\"imagePixelsPerMillimeter\":\"46.328495\",\"imagePresignedUri\":\"\",\"imagePupilCenterX\":\"13.909266\",\"imagePupilCenterY\":\"10.981628\",\"imagePupilRadiusMajor\":\"1.53706\",\"imagePupilRadiusMinor\":\"1.427772\",\"imageRelativePath\":\"b4982eb7-433b-4def-9ecc-4b3ae2a456cf/pre-op-images/9b1e821c-c360-4476-8653-e244eb6bde08\",\"imageSource\":\"ArgosBiometer\",\"imageSourceKey\":\"\",\"importStatus\":\"import\",\"source\":\"ArgosBiometer\",\"imageValue\":\"\",\"imageSizeUnits\":\"pixels\",\"imageSizeWidth\":\"1280\",\"imageSizeHeight\":\"1024\",\"imageScaleUnits\":\"percent\",\"imageScaleValueX\":\"1\",\"imageScaleValueY\":\"1\",\"imageRotation\":\"0\",\"imageRotationUnits\":\"radians\",\"imageColorSpace\":\"RGB\",\"imageBayerPattern\":\"UndefinedBayerPattern\",\"imageTypeName\":\"REFERENCE\",\"imageDataId\":\"0\",\"imageBufferSize\":\"1548744\",\"imageCompression\":\"HDX\",\"imagePurkinjePositionX\":\"\",\"imagePurkinjePositionY\":\"\",\"imagePurkinjeQualityValue\":\"\",\"response\":{},\"caseId\":\"e1d3f8ad-d91b-4816-a0da-528a4eda0be0\",\"eye\":\"OD\",\"guid\":\"62d3b6c4-3449-48dc-bec9-c2ce68bd4b2d\"},{\"clonedPatientId\":\"\",\"imageContentType\":\"raw\",\"imageId\":\"0\",\"imageIndex\":\"1\",\"imageLimbusCenterX\":\"13.872275\",\"imageLimbusCenterY\":\"11.021814\",\"imageLimbusRadiusMajor\":\"6.493197\",\"imageLimbusRadiusMinor\":\"6.493197\",\"imageName\":\"0\",\"imagePixelsPerMillimeter\":\"46.328495\",\"imagePresignedUri\":\"\",\"imagePupilCenterX\":\"13.909266\",\"imagePupilCenterY\":\"10.981628\",\"imagePupilRadiusMajor\":\"1.53706\",\"imagePupilRadiusMinor\":\"1.427772\",\"imageRelativePath\":\"b4982eb7-433b-4def-9ecc-4b3ae2a456cf/pre-op-images/33ec53e6-edce-42ec-8801-a867b98fd4e9\",\"imageSource\":\"ArgosBiometer\",\"imageSourceKey\":\"\",\"importStatus\":\"import\",\"source\":\"ArgosBiometer\",\"imageValue\":\"\",\"imageSizeUnits\":\"pixels\",\"imageSizeWidth\":\"1280\",\"imageSizeHeight\":\"1024\",\"imageScaleUnits\":\"percent\",\"imageScaleValueX\":\"1\",\"imageScaleValueY\":\"1\",\"imageRotation\":\"0\",\"imageRotationUnits\":\"radians\",\"imageColorSpace\":\"RGB\",\"imageBayerPattern\":\"UndefinedBayerPattern\",\"imageTypeName\":\"REFERENCE\",\"imageDataId\":\"0\",\"imageBufferSize\":\"1548744\",\"imageCompression\":\"HDX\",\"imagePurkinjePositionX\":\"\",\"imagePurkinjePositionY\":\"\",\"imagePurkinjeQualityValue\":\"\",\"response\":{},\"eye\":\"OD\",\"guid\":\"2f98a6c9-92bc-4ad2-a90b-98f034a57af5\"},{\"clonedPat
[...]
ast-1%2Fs3%2Faws4_request&X-Amz-Signature=abf770b33afc068a5ddd34cdbdb28279be67434451565b7591e6b7de4c46db51","imagePupilCenterX":"0","imagePupilCenterY":"0","imagePupilRadiusMajor":"0","imagePupilRadiusMinor":"0","imageRelativePath":"b4982eb7-433b-4def-9ecc-4b3ae2a456cf/pre-op-images/CCWET0GpsTest.gps","imageSource":"FileManagement","imageSourceKey":"37edace8-9402-4656-a69d-38b76667cf0c","importStatus":"import","source":"","imageValue":"approved","imageSizeUnits":"","imageSizeWidth":"","imageSizeHeight":"","imageScaleUnits":"","imageScaleValueX":"","imageScaleValueY":"","imageRotation":"","imageRotationUnits":"","imageColorSpace":"","imageBayerPattern":"","imageTypeName":"GPS","imageDataId":"","imageBufferSize":"","imageCompression":"","imagePurkinjePositionX":"","imagePurkinjePositionY":"","imagePurkinjeQualityValue":"","response":{},"caseId":"bad86fd4-35a5-458d-9776-10370bbed597","eye":"OD","guid":"505d6db1-466b-4a3f-90b0-1d4b4eb1c20c","status":"FINAL"}],"selectedImage":"0","response":{},"caseId":"d1b9a6d4-1e52-4f63-a071-8e6046cd99e5","eye":"OD","guid":"446fd98d-5f6a-4598-b679-890321f3f9d9"},"incisionsAndArcs":{"arculateIncisionMethod":"Paired","createdBySelection":"","depthPercent":"80.0","depth":"","depthUnits":"","pachymetry":"","diameterMm":"12","incision2":"","incision2Degree":"","incision3":"","incision3Degree":"","nomogramSelection":"Verion Nomogram","primaryIncision":"2.4","primaryIncisionDegree":"180","opticalZone":"","laserFactor":"","response":{},"caseId":"d1b9a6d4-1e52-4f63-a071-8e6046cd99e5","eye":"OD","guid":"40f0b0b4-3d38-499b-b79c-ff75c885e505","arc1AtDegree":"81.1689","arc1Degree":"40.0506","arc2AtDegree":"261.1689","arc2Degree":"40.0506"},"elevenBoxSets":[{"setIndex":"0","entrySelected":"0","lensType":"","elevenBoxEntries":[{"lensName":"MA60MA","entryIndex":"0","toricity":"11.7377","iolSeq":"5.00","iolSeqUnits":"D","predictedSph":"11.7377","predictedSphUnits":"D","predictedCyl":"0","predictedCylUnits":"D","predictedAxis":"81.1689","predictedSia":"0.1","predictedSiaUnits":"D","postSiaK1":"43.9484796738282","postSiaK1Units":"D","postSiaK2":"45.6231963721314","postSiaK2Units":"D","postSiaSteep":"84","postSiaCyl":"","postOpK1":"44.4480145660963","postOpK1Units":"D","postOpK2":"45.1234098075459","postOpK2Units":"D","postOpSteep":"84","postOpCyl":"","cylPower":"0","arc1Width":"40.0506","arc1Position":"81.1689","arc2Width":"40.0506","arc2Position":"261.1689","response":{},"caseId":"d1b9a6d4-1e52-4f63-a071-8e6046cd99e5","eye":"OD","guid":"de11c1f6-4a31-4210-8c44-8c803c28eb2f","status":"recommended"}],"response":{},"caseId":"d1b9a6d4-1e52-4f63-a071-8e6046cd99e5","eye":"OD","guid":"9f8ad7d1-c02e-411f-ac0a-dfc25e3f9a05"}],"formula":"","sessionIds":["1","0"],"biometrySource":"","biometryParentMeasurement":"","biometryTechnician":"","biometryTechnicianReference":"","biometryTimeStamp":"","imageSource":"","imageParentMeasurement":"","imageTechnician":"","imageTechnicianReference":"","imageTimeStamp":"","importedDataNameList":["measurementMode","timeStamp"],"isDataUnTrackImported":true,"procedureRequestReference":"","accessionId":"","toricFormula":"","response":{},"caseId":"d1b9a6d4-1e52-4f63-a071-8e6046cd99e5","eye":"OD","guid":"f4db02e0-03ef-4389-be05-0c21b6e8a70f"}],"visualAcuities":[],"response":{},"guid":"e86d2d70-c4f1-40ce-a042-28004ed13812"},"response":{},"guid":"2e1e8dfb-1e26-4f19-aac6-7749cdd9bba0"},"surgeryType":"Cataract Removal (with IOL - in Bag)","tags":[]},{"carePlanDetails":{"applyHolladayToric":false,"femtosecondProcedures":[],"formula":"Barrett","lensLocation":"In Bag","lensProcedure":"Std Phaco","planName":"Imported","plannedLensType":"Multifocal","targetRefraction":"0"},"caseId":"bad86fd4-35a5-458d-9776-10370bbed597","devices":[],"facility":"ORAFiveOFiveVNV","facilityReference":"4ce36276-c7e4-489e-80a7-c82e7e3ed016","imported":true,"planNotifications":[],"planStatusSelection":"approved","surgeonPreferences":{"surgeonDefaultPreferences":{"measurements":{"biometricMeasurementMode":"","defaultVertex":"12","keratometerMode":"UndefinedMeasurementUnit","keratometerRefractiveIndex":"1.3375"},"planning":{"applyHolladayToric":false,"defaultFormula":"Barrett","defaultNomogram":"Verion Nomogram","defaultTargetSeq":"0","iolSeqResultsAwayFromRecommendation":"2","residualCylinderWarningThreshold":"","secondaryProcedures":[],"useBarrettTrueAL":false,"visualAcuityUnits":"Feet"},"surgery":[{}],"surgeryCenters":[]},"preferredLensConstants":[],"preferredLenses":[],"preferredLensOraIds":[100211083],"incisionPreferences":[],"treatmentPreferences":{"arcIncisionDepth":"","arcIncisionDiameter":"","arcConfiguration":"","iolArcBlendFactorTable":[{"minAstigmatism":"0","maxAstigmatism":"1.5","targetBlendFactor":"0"},{"minAstigmatism":"1.5","maxAstigmatism":"3","targetBlendFactor":"0"},{"minAstigmatism":"3","maxAstigmatism":"20","targetBlendFactor":"0"}]},"siaPreferences":{"primaryIncisionPosition":""}},"surgeonReference":"Practitioner/4b66eea7-f932-45d6-98be-208bd840c0d5","surgeryDate":"","procedureRequestReferences":[],"eye":"OD","guid":"e9282ee8-7326-42f1-8a17-41834e14af3d","lastUpdated":"2024-02-08T09:43:06+00:00","measurementMasterSet":{"preOpSet":{"preOps":[{"accuracy":"","lensState":"","importStatus":"import","measurementMode":"Optical","source":"ArgosBiometer","sourceId":"","timeStamp":"2024-01-22T09:42:41+00:00","sourceVersion":"","selectedElevenBoxSet":"0","biometry":{"accuracy":"","measurementMode":"","source":"ArgosBiometer","sourceId":"","sourceVersion":"","importStatus":"import","acd":"3.227647","al":"22.041573","lt":"2.153644","wtw":"11.954988","acdStd":"","alStd":"","ltStd":"","wtwStd":"","biometries":[],"index":"","coMeasurementIndex":"","importedDataNameList":["source","acd","al","lt","wtw"],"isDataUnTrackImported":true,"isTrueAl":true,"imagePupil":"","imagePx":"","imagePy":"","cct":"537.163025","aqueousDepth":"2.6904839750000002","cctStd":"","response":{},"caseId":"e9282ee8-7326-42f1-8a17-41834e14af3d","eye":"OD","guid":"2eba8527-7ec3-4a82-8279-8cfb293ff121","technician":"Surgeon Priya","timeStamp":"2024-01-12T16:52:18+00:00"},"keratometry":{"accuracy":"","measurementMode":"","source":"ArgosBiometer","sourceId":"","sourceVersion":"","importStatus":"import","k1":"7.545860000000001","k2":"7.284845000000002","k1Std":"0.07131549390241418","k2Std":"0.17624739617163596","kUnits":"mm","deviceRefractiveIndex":"1.332","steep":"84","cyl":"","steepStd":"2.94955","cylStd":"","keratometries":[],"index":"","coMeasurementIndex":"","axisOnlyMeasurementFlag":false,"accuracyTk":"","importStatusTk":"import","sourceTk":"","sourceIdTk":"","sourceVersionTk":"","k1Tk":"","k2Tk":"","k1StdTk":"","k2StdTk":"","kUnitsTk":"","deviceRefractiveIndexTk":"","steepTk":"","timeStampTk":"","technicianTk":"","cylTk":"","steepStdTk":"","cylStdTk":"","refractiveIndexAqueousHumorTk":"","refractiveIndexCorneaTk":"","k1Quality":"1","k2Quality":"1","k1VesselQuality":"-1","k2VesselQuality":"-1","k1CornealPowerQuality":"1.5","k2CornealPowerQuality":"1.5","k1QualityTk":"","k2QualityTk":"0.0","k1VesselQualityTk":"","k2VesselQualityTk":"0.0","k1CornealPowerQualityTk":"","k2CornealPowerQualityTk":"0.0","importedAnteriorKeratometryDataNameList":["source","k1","k2","kUnits","steep"],"importedPosteriorKeratometryDataNameList":[],"isAnteriorKeratometryDataUnTrackImported":true,"isPosteriorKeratometryDataUnTrackImported":true,"response":{},"importType":"gps","caseId":"e9282ee8-7326-42f1-8a17-41834e14af3d","eye":"OD","guid":"ffa0a088-6ef5-4db4-b857-38d618a04ddb","technician":"Surgeon Priya","timeStamp":"2024-01-22T09:42:41+00:00"},"imageSet":{"images":[{"clonedPatientId":"","imageContentType":"png","imageId":"0","imageIndex":"0","imageLimbusCenterX":"13.356329","imageLimbusCenterY":"10.931675","imageLimbusRadiusMajor":"5.977494","imageLimbusRadiusMinor":"5.977494","imageName":"0","imagePixelsPerMillimeter":"46.207535","imagePresignedUri":"https://cf-s3-a602043a-2019-41dd-8d2a-a6e4c1e27c41.s3.amazonaws.com/b4982eb7-433b-4def-9ecc-4b3ae2a456cf/pre-op-images/942bf7cf-43a7-4eeb-aa87-84158f977426?X-Amz-Security-Token=FwoGZXIvYXdzEDMaDEyEGU9icvZJwY5edSLDBLwDoajIu51IUpFNdGnokOGNJiXzKDkoG2Cz0WGugg2p7Hm1pP7SWbva3IwDqC0fHPpIG5KXm7qcBhXY9KMfPIVJb%2FdaBC3bc%2B67qroQkKIUsEymfZJtQGDUclAa%2F9X02WA%2BtZKpctmoGKoiiNEPHEf7%2B8DNXUSlIRzSjdj%2FZXD5%2BcBUhgl8PPt%2BQuKRNpCUfbfZ1kRsdIT0AuLg5DNcl8O9TMsUieJKOhN4xPlibxr9CmqUcxItMzQJv%2Bwxqcc2dC9KatAw%2F%2FvTSzrV9OUsdMabiRqt%2Bhgh3FFZ8ZLq333R9ZjC1haG6LkjisrzoJve2IWEtPpOL2RST597iWCEZqZvwIKrPx5DMN6Pk78qLnJMKTZF%2BNmWm1KXwY%2FzTfgznrPWL4N22Ztdv47N7h4j50JNbss9T4QEIjTVaW7DNgi7SUpt7ueiGxm6Ky%2BbqJzriYtXukIs1S9f5Zhp3B%2Bex%2BkiR4jWC%2FCNxqtYi%2B1mjX70feTzVskjDOoNCI2kd7XDNvVLhcpGR23%2BuUvxghoQUvln1BgWOOSs%2FvLg47xglAJvZeMngJdjB1%2F7osBPCS%2BkMzyEwsEEQSmbthUxwZvhmR9U4muC9uxtjDCywnIU3R0%2BRuKuG0HaHoZ4KQoHfb4fhcEODS4PvJt6xOxLnS%2BzP1rg6rppRi0S3OvakvEC8G56GUrpC1POJ9qHyNccf0CMCId7t1aF6xnVAZWyIshagXOhROg12Xd5E3i6XCeGokxV5TgHSC0E2w16dO8Rq4TRVXo03SiZy5KuBjIpM2%2FwsGxQKBIRpdYlF10OehGpElhX1vA4UW4KEfdzcrc9IRQbYJkeirc%3D&X-Amz-Algorithm=AWS4-HMAC-SHA256&X-Amz-Date=20240208T095745Z&X-Amz-SignedHeaders=host&X-Amz-Expires=900&X-Amz-Credential=ASIAX4PQXA7623NKB3GU%2F20240208%2Fus-east-1%2Fs3%2Faws4_request&X-Amz-Signature=ea9a633b4ceb17b23b88b02f87e1bc6175262f6fa0ee13b1d538278cb5548968","imagePupilCenterX":"13.437818","imagePupilCenterY":"10.993108","imagePupilRadiusMajor":"3.505625","imagePupilRadiusMinor":"3.387321","imageRelativePath":"b4982eb7-433b-4def-9ecc-4b3ae2a456cf/pre-op-images/942bf7cf-43a7-4eeb-aa87-84158f977426","imageSource":"ArgosBiometer","imageSourceKey":"","importStatus":"import","source":"ArgosBiometer","imageValue":"","imageSizeUnits":"pixels","imageSizeWidth":"1280","imageSizeHeight":"1024","imageScaleUnits":"percent","imageScaleValueX":"1","imageScaleValueY":"1","imageRotation":"0","imageRotationUnits":"radians","imageColorSpace":"RGB","imageBayerPattern":"UndefinedBayerPattern","imageTypeName":"REFERENCE","imageDataId":"0","imageBufferSize":"1240992","imageCompression":"HDX","imagePurkinjePositionX":"","imagePurkinjePositionY":"","imagePurkinjeQualityValue":"","response":{},"caseId":"e9282ee8-7326-42f1-8a17-41834e14af3d","eye":"OD","guid":"7db24bd6-c3a9-41a7-92a5-8a6670c3d790"},{"clonedPatientId":"","imageContentType":"raw","imageId":"0","imageIndex":"1","imageLimbusCenterX":"13.356329","imageLimbusCenterY":"10.931675","imageLimbusRadiusMajor":"5.977494","imageLimbusRadiusMinor":"5.977494","imageName":"0","imagePixelsPerMillimeter":"46.207535","imagePresignedUri":"https://cf-s3-a602043a-2019-41dd-8d2a-a6e4c1e27c41.s3.amazonaws.com/b4982eb7-433b-4def-9ecc-4b3ae2a456cf/pre-op-images/ff9a22d3-a2b4-4037-a255-72a88d29ea09?X-Amz-Security-Token=FwoGZXIvYXdzEDMaDEyEGU9icvZJwY5edSLDBLwDoajIu51IUpFNdGnokOGNJiXzKDkoG2Cz0WGugg2p7Hm1pP7SWbva3IwDqC0fHPpIG5KXm7qcBhXY9KMfPIVJb%2FdaBC3bc%2B67qroQkKIUsEymfZJtQGDUclAa%2F9X02WA%2BtZKpctmoGKoiiNEPHEf7%2B8DNXUSlIRzSjdj%2FZXD5%2BcBUhgl8PPt%2BQuKRNpCUfbfZ1kRsdIT0AuLg5DNcl8O9TMsUieJKOhN4xPlibxr9CmqUcxItMzQJv%2Bwxqcc2dC9KatAw%2F%2FvTSzrV9OUsdMabiRqt%2Bhgh3FFZ8ZLq333R9ZjC1haG6LkjisrzoJve2IWEtPpOL2RST597iWCEZqZvwIKrPx5DMN6Pk78qLnJMKTZF%2BNmWm1KXwY%2FzTfgznrPWL4N22Ztdv47N7h4j50JNbss9T4QEIjTVaW7DNgi7SUpt7ueiGxm6Ky%2BbqJzriYtXukIs1S9f5Zhp3B%2Bex%2BkiR4jWC%2FCNxqtYi%2B1mjX70feTzVskjDOoNCI2kd7XDNvVLhcpGR23%2BuUvxghoQUvln1BgWOOSs%2FvLg47xglAJvZeMngJdjB1%2F7osBPCS%2BkMzyEwsEEQSmbthUxwZvhmR9U4muC9uxtjDCywnIU3R0%2BRuKuG0HaHoZ4KQoHfb4fhcEODS4PvJt6xOxLnS%2BzP1rg6rppRi0S3OvakvEC8G56GUrpC1POJ9qHyNccf0CMCId7t1aF6xnVAZWyIshagXOhROg12Xd5E3i6XCeGokxV5TgHSC0E2w16dO8Rq4TRVXo03SiZy5KuBjIpM2%2FwsGxQKBIRpdYlF10OehGpElhX1vA4UW4KEfdzcrc9IRQbYJkeirc%3D&X-Amz-Algorithm=AWS4-HMAC-SHA256&X-Amz-Date=20240208T095745Z&X-Amz-SignedHeaders=host&X-Amz-Expires=900&X-Amz-Credential=ASIAX4PQXA7623NKB3GU%2F20240208%2Fus-east-1%2Fs3%2Faws4_request&X-Amz-Signature=3ad853453cc8855b9f773259db2568b22e765df7886136c072497f43866a91fa","imagePupilCenterX":"13.437818","imagePupilCenterY":"10.993108","imagePupilRadiusMajor":"3.505625","imagePupilRadiusMinor":"3.387321","imageRelativePath":"b4982eb7-433b-4def-9ecc-4b3ae2a456cf/pre-op-images/ff9a22d3-a2b4-4037-a255-72a88d29ea09","imageSource":"ArgosBiometer","imageSourceKey":"","importStatus":"import","source":"ArgosBiometer","imageValue":"","imageSizeUnits":"pixels","imageSizeWidth":"1280","imageSizeHeight":"1024","imageScaleUnits":"percent","imageScaleValueX":"1","imageScaleValueY":"1","imageRotation":"0","imageRotationUnits":"radians","imageColorSpace":"RGB","imageBayerPattern":"UndefinedBayerPattern","imageTypeName":"REFERENCE","imageDataId":"0","imageBufferSize":"1240992","imageCompression":"HDX","imagePurkinjePositionX":"","imagePurkinjePositionY":"","imagePurkinjeQualityValue":"","response":{},"eye":"OD","guid":"0b5922ff-3ddd-473d-97dc-522362953a7f"},{"clonedPatientId":"","imageContentType":"application/octet-stream","imageId":"0","imageIndex":"2","imageLimbusCenterX":"0","imageLimbusCenterY":"0","imageLimbusRadiusMajor":"0","imageLimbusRadiusMinor":"0","imageName":"CCWET0GpsTest.gps","imagePixelsPerMillimeter":"0","imagePresignedUri":"https://cf-s3-a602043a-2019-41dd-8d2a-a6e4c1e27c41.s3.amazonaws.com/b4982eb7-433b-4def-9ecc-4b3ae2a456cf/pre-op-images/CCWET0GpsTest.gps?X-Amz-Security-Token=FwoGZXIvYXdzEDMaDEyEGU9icvZJwY5edSLDBLwDoajIu51IUpFNdGnokOGNJiXzKDkoG2Cz0WGugg2p7Hm1pP7SWbva3IwDqC0fHPpIG5KXm7qcBhXY9KMfPIVJb%2FdaBC3bc%2B67qroQkKIUsEymfZJtQGDUclAa%2F9X02WA%2BtZKpctmoGKoiiNEPHEf7%2B8DNXUSlIRzSjdj%2FZXD5%2BcBUhgl8PPt%2BQuKRNpCUfbfZ1kRsdIT0AuLg5DNcl8O9TMsUieJKOhN4xPlibxr9CmqUcxItMzQJv%2Bwxqcc2dC9KatAw%2F%2FvTSzrV9OUsdMabiRqt%2Bhgh3FFZ8ZLq333R9ZjC1haG6LkjisrzoJve2IWEtPpOL2RST597iWCEZqZvwIKrPx5DMN6Pk78qLnJMKTZF%2BNmWm1KXwY%2FzTfgznrPWL4N22Ztdv47N7h4j50JNbss9T4QEIjTVaW7DNgi7SUpt7ueiGxm6Ky%2BbqJzriYtXukIs1S9f5Zhp3B%2Bex%2BkiR4jWC%2FCNxqtYi%2B1mjX70feTzVskjDOoNCI2kd7XDNvVLhcpGR23%2BuUvxghoQUvln1BgWOOSs%2FvLg47xglAJvZeMngJdjB1%2F7osBPCS%2BkMzyEwsEEQSmbthUxwZvhmR9U4muC9uxtjDCywnIU3R0%2BRuKuG0HaHoZ4KQoHfb4fhcEODS4PvJt6xOxLnS%2BzP1rg6rppRi0S3OvakvEC8G56GUrpC1POJ9qHyNccf0CMCId7t1aF6xnVAZWyIshagXOhROg12Xd5E3i6XCeGokxV5TgHSC0E2w16dO8Rq4TRVXo03SiZy5KuBjIpM2%2FwsGxQKBIRpdYlF10OehGpElhX1vA4UW4KEfdzcrc9IRQbYJkeirc%3D&X-Amz-Algorithm=AWS4-HMAC-SHA256&X-Amz-Date=20240208T095745Z&X-Amz-SignedHeaders=host&X-Amz-Expires=900&X-Amz-Credential=ASIAX4PQXA7623NKB3GU%2F20240208%2Fus-east-1%2Fs3%2Faws4_request&X-Amz-Signature=abf770b33afc068a5ddd34cdbdb28279be67434451565b7591e6b7de4c46db51","imagePupilCenterX":"0","imagePupilCenterY":"0","imagePupilRadiusMajor":"0","imagePupilRadiusMinor":"0","imageRelativePath":"b4982eb7-433b-4def-9ecc-4b3ae2a456cf/pre-op-images/CCWET0GpsTest.gps","imageSource":"FileManagement","imageSourceKey":"37edace8-9402-4656-a69d-38b76667cf0c","importStatus":"import","source":"","imageValue":"approved","imageSizeUnits":"","imageSizeWidth":"","imageSizeHeight":"","imageScaleUnits":"","imageScaleValueX":"","imageScaleValueY":"","imageRotation":"","imageRotationUnits":"","imageColorSpace":"","imageBayerPattern":"","imageTypeName":"GPS","imageDataId":"","imageBufferSize":"","imageCompression":"","imagePurkinjePositionX":"","imagePurkinjePositionY":"","imagePurkinjeQualityValue":"","response":{},"caseId":"bad86fd4-35a5-458d-9776-10370bbed597","eye":"OD","guid":"1da52a2b-1893-4a86-bfe8-a5d2395de5af","status":"FINAL"}],"selectedImage":"0","response":{},"caseId":"e9282ee8-7326-42f1-8a17-41834e14af3d","eye":"OD","guid":"596769d9-e22d-45ae-9574-de8698c5c400"},"incisionsAndArcs":{"arculateIncisionMethod":"Paired","createdBySelection":"","depthPercent":"80.0","depth":"","depthUnits":"","pachymetry":"","diameterMm":"12","incision2":"","incision2Degree":"","incision3":"","incision3Degree":"","nomogramSelection":"Verion Nomogram","primaryIncision":"2.4","primaryIncisionDegree":"180","opticalZone":"","laserFactor":"","response":{},"caseId":"e9282ee8-7326-42f1-8a17-41834e14af3d","eye":"OD","guid":"e4653197-1d2b-4f92-ae43-bc09de447b75","arc1AtDegree":"81.1689","arc1Degree":"40.051","arc2AtDegree":"261.1689","arc2Degree":"40.051"},"elevenBoxSets":[{"setIndex":"0","entrySelected":"0","lensType":"","elevenBoxEntries":[{"lensName":"CCWET0","entryIndex":"0","toricity":"0.097","iolSeq":"23.00","iolSeqUnits":"D","predictedSph":"0.097","predictedSphUnits":"D","predictedCyl":"0","predictedCylUnits":"D","predictedAxis":"81.1689","predictedSia":"0.1","predictedSiaUnits":"D","postSiaK1":"43.9484796738282","postSiaK1Units":"D","postSiaK2":"45.6231963721314","postSiaK2Units":"D","postSiaSteep":"84","postSiaCyl":"","postOpK1":"44.4480145660963","postOpK1Units":"D","postOpK2":"45.1234098075459","postOpK2Units":"D","postOpSteep":"84","postOpCyl":"","cylPower":"0","arc1Width":"40.051","arc1Position":"81.1689","arc2Width":"40.051","arc2Position":"261.1689","response":{},"caseId":"e9282ee8-7326-42f1-8a17-41834e14af3d","eye":"OD","guid":"699f312a-5b55-4c97-8f7b-8d2a2193b97a","status":"recommended"}],"response":{},"caseId":"e9282ee8-7326-42f1-8a17-41834e14af3d","eye":"OD","guid":"0c89d36b-e07e-4b12-aaf6-c0a8db1000e8"}],"formula":"","sessionIds":["1","0"],"biometrySource":"","biometryParentMeasurement":"","biometryTechnician":"","biometryTechnicianReference":"","biometryTimeStamp":"","imageSource":"","imageParentMeasurement":"","imageTechnician":"","imageTechnicianReference":"","imageTimeStamp":"","importedDataNameList":["measurementMode","timeStamp"],"isDataUnTrackImported":true,"procedureRequestReference":"","accessionId":"","toricFormula":"","response":{},"caseId":"e9282ee8-7326-42f1-8a17-41834e14af3d","eye":"OD","guid":"e3ca258c-f08e-4278-be23-4f4572fbb84a"}],"visualAcuities":[],"response":{},"guid":"9dbfde07-32ca-4ceb-9c2e-b442c8fc63e6"},"response":{},"guid":"def3c658-e5e1-4a13-8f04-9df354d28156"},"surgeryType":"Cataract Removal (with IOL - in Bag)","tags":[]}],"surgicalPlanGuids":["e1d3f8ad-d91b-4816-a0da-528a4eda0be0","63a95732-cfbf-458d-a870-54d58379cacf","7c350741-6d0d-4816-8987-914f64526609","d1b9a6d4-1e52-4f63-a071-8e6046cd99e5","e9282ee8-7326-42f1-8a17-41834e14af3d"],"eye":"OD","guid":"bad86fd4-35a5-458d-9776-10370bbed597","lastUpdated":"2024-02-08T09:37:33+00:00","measurementMasterSet":{"preOpSet":{"preOps":[],"visualAcuities":[],"response":{},"guid":"869a5a26-093a-467f-a65e-9f9c1860bdc4"},"intraOp":{"oraMeasurements":[],"surgeryProcedureStatus":"Surgery Scheduled","implantedLensFormula":"","implantedLensBrand":"","implantedLensModel":"","implantedLensToricity":"","implantedLensPower":"","implantedLensImplementationAngle":"","implantedLensPredictedRefraction":"","oraImplantedLensFormula":"","oraImplantedLensBrand":"","oraImplantedLensModel":"","oraImplantedLensToricity":"","oraImplantedLensPower":"","oraImplantedLensImplementationAngle":"","oraImplantedLensPredictedRefraction":"","dmmImplantedLensFormula":"","dmmImplantedLensBrand":"","dmmImplantedLensModel":"","dmmImplantedLensToricity":"","dmmImplantedLensPower":"","dmmImplantedLensImplementationAngle":"","dmmImplantedLensPredictedRefraction":"","excludeFromOptimizations":false,"surgeryDate":"","source":"","plannedLensManufacturer":"","plannedLensModel":"","plannedLensPower":"","plannedLensPredictedRefraction":"","plannedLensToricity":"","plannedLensImplementationAngle":"","plannedLensFormula":"","dhsAscPracticeId":"","femtoValues":[],"isFromOra":false,"isFromGps":false,"response":{},"guid":"3e512335-54df-42bb-98e0-1a4452b1819a","centrations":[]},"postOpSet":{"postOps":[],"response":{},"guid":"3a42e601-8ba1-4b2b-9c8f-2cac4d678e8d"},"response":{},"guid":"5db0b923-7505-467a-b154-ad2ed5fca53d","lastUpdated":"2024-02-08T09:37:33+00:00"},"tags":["no-post-op-exams","no-ten-day-post-op-exam","has-approved-plan"]}],"patientReference":"Patient/aa636d71-8343-492f-bc41-6fbcba6b300b","surgeryDates":["2023-08-07T00:00:00+00:00"],"versionId":"253692a2-c668-11ee-a9bd-d73c1128c41f","guid":"4359fd43-0644-4b64-bf6f-dbd73cbcaccc","lastUpdated":"2024-02-08T09:55:09.67149+00:00","tags":["has-approved-plan","no-post-op-exams","no-ten-day-post-op-exam","created-by-crs","reconcilliation-needed","patient-paid-practice"],"status":"active"}}]]>
  </system-out>
</testsuite> <!-- gpsImport.onePlanner -->
